Timing Analyzer report for top_level
Mon May 25 14:15:57 2020
Quartus Prime Version 18.1.0 Build 625 09/12/2018 SJ Lite Edition


---------------------
; Table of Contents ;
---------------------
  1. Legal Notice
  2. Timing Analyzer Summary
  3. Parallel Compilation
  4. Clocks
  5. Slow 1200mV 85C Model Fmax Summary
  6. Slow 1200mV 85C Model Setup Summary
  7. Slow 1200mV 85C Model Hold Summary
  8. Slow 1200mV 85C Model Recovery Summary
  9. Slow 1200mV 85C Model Removal Summary
 10. Slow 1200mV 85C Model Minimum Pulse Width Summary
 11. Slow 1200mV 85C Model Metastability Summary
 12. Slow 1200mV 0C Model Fmax Summary
 13. Slow 1200mV 0C Model Setup Summary
 14. Slow 1200mV 0C Model Hold Summary
 15. Slow 1200mV 0C Model Recovery Summary
 16. Slow 1200mV 0C Model Removal Summary
 17. Slow 1200mV 0C Model Minimum Pulse Width Summary
 18. Slow 1200mV 0C Model Metastability Summary
 19. Fast 1200mV 0C Model Setup Summary
 20. Fast 1200mV 0C Model Hold Summary
 21. Fast 1200mV 0C Model Recovery Summary
 22. Fast 1200mV 0C Model Removal Summary
 23. Fast 1200mV 0C Model Minimum Pulse Width Summary
 24. Fast 1200mV 0C Model Metastability Summary
 25. Multicorner Timing Analysis Summary
 26. Board Trace Model Assignments
 27. Input Transition Times
 28. Signal Integrity Metrics (Slow 1200mv 0c Model)
 29. Signal Integrity Metrics (Slow 1200mv 85c Model)
 30. Signal Integrity Metrics (Fast 1200mv 0c Model)
 31. Setup Transfers
 32. Hold Transfers
 33. Recovery Transfers
 34. Removal Transfers
 35. Report TCCS
 36. Report RSKM
 37. Unconstrained Paths Summary
 38. Clock Status Summary
 39. Unconstrained Input Ports
 40. Unconstrained Output Ports
 41. Unconstrained Input Ports
 42. Unconstrained Output Ports
 43. Timing Analyzer Messages



----------------
; Legal Notice ;
----------------
Copyright (C) 2018  Intel Corporation. All rights reserved.
Your use of Intel Corporation's design tools, logic functions 
and other software and tools, and its AMPP partner logic 
functions, and any output files from any of the foregoing 
(including device programming or simulation files), and any 
associated documentation or information are expressly subject 
to the terms and conditions of the Intel Program License 
Subscription Agreement, the Intel Quartus Prime License Agreement,
the Intel FPGA IP License Agreement, or other applicable license
agreement, including, without limitation, that your use is for
the sole purpose of programming logic devices manufactured by
Intel and sold by Intel or its authorized distributors.  Please
refer to the applicable agreement for further details.



+-----------------------------------------------------------------------------+
; Timing Analyzer Summary                                                     ;
+-----------------------+-----------------------------------------------------+
; Quartus Prime Version ; Version 18.1.0 Build 625 09/12/2018 SJ Lite Edition ;
; Timing Analyzer       ; Legacy Timing Analyzer                              ;
; Revision Name         ; top_level                                           ;
; Device Family         ; MAX 10                                              ;
; Device Name           ; 10M50DAF484C7G                                      ;
; Timing Models         ; Final                                               ;
; Delay Model           ; Combined                                            ;
; Rise/Fall Delays      ; Enabled                                             ;
+-----------------------+-----------------------------------------------------+


+------------------------------------------+
; Parallel Compilation                     ;
+----------------------------+-------------+
; Processors                 ; Number      ;
+----------------------------+-------------+
; Number detected on machine ; 4           ;
; Maximum allowed            ; 2           ;
;                            ;             ;
; Average used               ; 1.31        ;
; Maximum used               ; 2           ;
;                            ;             ;
; Usage by Processor         ; % Time Used ;
;     Processor 1            ; 100.0%      ;
;     Processor 2            ;  30.5%      ;
+----------------------------+-------------+


+----------------------------------------------------------------------------------------------------------------------------------------------------------------------------------------------------------------------------------------------------+
; Clocks                                                                                                                                                                                                                                             ;
+------------------------------------------+------+--------+------------+-------+-------+------------+-----------+-------------+-------+--------+-----------+------------+----------+--------+--------+----------------------------------------------+
; Clock Name                               ; Type ; Period ; Frequency  ; Rise  ; Fall  ; Duty Cycle ; Divide by ; Multiply by ; Phase ; Offset ; Edge List ; Edge Shift ; Inverted ; Master ; Source ; Targets                                      ;
+------------------------------------------+------+--------+------------+-------+-------+------------+-----------+-------------+-------+--------+-----------+------------+----------+--------+--------+----------------------------------------------+
; clk_50MHZ                                ; Base ; 1.000  ; 1000.0 MHz ; 0.000 ; 0.500 ;            ;           ;             ;       ;        ;           ;            ;          ;        ;        ; { clk_50MHZ }                                ;
; clk_pid                                  ; Base ; 1.000  ; 1000.0 MHz ; 0.000 ; 0.500 ;            ;           ;             ;       ;        ;           ;            ;          ;        ;        ; { clk_pid }                                  ;
; divisor_clock:divisor_50x|out_clk_tmp    ; Base ; 1.000  ; 1000.0 MHz ; 0.000 ; 0.500 ;            ;           ;             ;       ;        ;           ;            ;          ;        ;        ; { divisor_clock:divisor_50x|out_clk_tmp }    ;
; divisor_clock:divisor_50x|out_clk_tmp_up ; Base ; 1.000  ; 1000.0 MHz ; 0.000 ; 0.500 ;            ;           ;             ;       ;        ;           ;            ;          ;        ;        ; { divisor_clock:divisor_50x|out_clk_tmp_up } ;
; iniciado_tmp                             ; Base ; 1.000  ; 1000.0 MHz ; 0.000 ; 0.500 ;            ;           ;             ;       ;        ;           ;            ;          ;        ;        ; { iniciado_tmp }                             ;
; iniciar_transmissao                      ; Base ; 1.000  ; 1000.0 MHz ; 0.000 ; 0.500 ;            ;           ;             ;       ;        ;           ;            ;          ;        ;        ; { iniciar_transmissao }                      ;
; leitor_temperatura:termometro|sck_tmp    ; Base ; 1.000  ; 1000.0 MHz ; 0.000 ; 0.500 ;            ;           ;             ;       ;        ;           ;            ;          ;        ;        ; { leitor_temperatura:termometro|sck_tmp }    ;
; passagem_zero                            ; Base ; 1.000  ; 1000.0 MHz ; 0.000 ; 0.500 ;            ;           ;             ;       ;        ;           ;            ;          ;        ;        ; { passagem_zero }                            ;
; rx                                       ; Base ; 1.000  ; 1000.0 MHz ; 0.000 ; 0.500 ;            ;           ;             ;       ;        ;           ;            ;          ;        ;        ; { rx }                                       ;
; temporizador:tmpr|fim_tmp                ; Base ; 1.000  ; 1000.0 MHz ; 0.000 ; 0.500 ;            ;           ;             ;       ;        ;           ;            ;          ;        ;        ; { temporizador:tmpr|fim_tmp }                ;
; uart_rx:u_rx|byte_recebido_tmp           ; Base ; 1.000  ; 1000.0 MHz ; 0.000 ; 0.500 ;            ;           ;             ;       ;        ;           ;            ;          ;        ;        ; { uart_rx:u_rx|byte_recebido_tmp }           ;
+------------------------------------------+------+--------+------------+-------+-------+------------+-----------+-------------+-------+--------+-----------+------------+----------+--------+--------+----------------------------------------------+


+-----------------------------------------------------------------------------------------------------------------------+
; Slow 1200mV 85C Model Fmax Summary                                                                                    ;
+------------+-----------------+---------------------------------------+------------------------------------------------+
; Fmax       ; Restricted Fmax ; Clock Name                            ; Note                                           ;
+------------+-----------------+---------------------------------------+------------------------------------------------+
; 110.77 MHz ; 110.77 MHz      ; divisor_clock:divisor_50x|out_clk_tmp ;                                                ;
; 138.81 MHz ; 138.81 MHz      ; clk_pid                               ;                                                ;
; 165.73 MHz ; 165.73 MHz      ; clk_50MHZ                             ;                                                ;
; 385.8 MHz  ; 385.8 MHz       ; leitor_temperatura:termometro|sck_tmp ;                                                ;
; 618.05 MHz ; 416.15 MHz      ; uart_rx:u_rx|byte_recebido_tmp        ; limit due to minimum period restriction (tmin) ;
+------------+-----------------+---------------------------------------+------------------------------------------------+
This panel reports FMAX for every clock in the design, regardless of the user-specified clock periods.  FMAX is only computed for paths where the source and destination registers or ports are driven by the same clock.  Paths of different clocks, including generated clocks, are ignored.  For paths between a clock and its inversion, FMAX is computed as if the rising and falling edges are scaled along with FMAX, such that the duty cycle (in terms of a percentage) is maintained. Altera recommends that you always use clock constraints and other slack reports for sign-off analysis.


+-----------------------------------------------------------------+
; Slow 1200mV 85C Model Setup Summary                             ;
+---------------------------------------+---------+---------------+
; Clock                                 ; Slack   ; End Point TNS ;
+---------------------------------------+---------+---------------+
; clk_pid                               ; -10.290 ; -85.086       ;
; divisor_clock:divisor_50x|out_clk_tmp ; -8.090  ; -1967.384     ;
; clk_50MHZ                             ; -5.034  ; -58.907       ;
; uart_rx:u_rx|byte_recebido_tmp        ; -1.721  ; -13.768       ;
; leitor_temperatura:termometro|sck_tmp ; -1.592  ; -19.225       ;
+---------------------------------------+---------+---------------+


+---------------------------------------------------------------+
; Slow 1200mV 85C Model Hold Summary                            ;
+---------------------------------------+-------+---------------+
; Clock                                 ; Slack ; End Point TNS ;
+---------------------------------------+-------+---------------+
; divisor_clock:divisor_50x|out_clk_tmp ; 0.323 ; 0.000         ;
; leitor_temperatura:termometro|sck_tmp ; 0.342 ; 0.000         ;
; clk_50MHZ                             ; 0.402 ; 0.000         ;
; uart_rx:u_rx|byte_recebido_tmp        ; 1.279 ; 0.000         ;
; clk_pid                               ; 1.542 ; 0.000         ;
+---------------------------------------+-------+---------------+


+-------------------------------------------------------------------+
; Slow 1200mV 85C Model Recovery Summary                            ;
+------------------------------------------+--------+---------------+
; Clock                                    ; Slack  ; End Point TNS ;
+------------------------------------------+--------+---------------+
; iniciado_tmp                             ; -3.749 ; -3.749        ;
; divisor_clock:divisor_50x|out_clk_tmp_up ; -3.724 ; -3.724        ;
; temporizador:tmpr|fim_tmp                ; -3.176 ; -3.176        ;
; iniciar_transmissao                      ; -2.904 ; -2.904        ;
; rx                                       ; -1.523 ; -1.523        ;
; uart_rx:u_rx|byte_recebido_tmp           ; -1.134 ; -1.134        ;
; passagem_zero                            ; -0.787 ; -0.787        ;
+------------------------------------------+--------+---------------+


+------------------------------------------------------------------+
; Slow 1200mV 85C Model Removal Summary                            ;
+------------------------------------------+-------+---------------+
; Clock                                    ; Slack ; End Point TNS ;
+------------------------------------------+-------+---------------+
; iniciado_tmp                             ; 0.820 ; 0.000         ;
; passagem_zero                            ; 1.143 ; 0.000         ;
; uart_rx:u_rx|byte_recebido_tmp           ; 1.501 ; 0.000         ;
; rx                                       ; 1.885 ; 0.000         ;
; iniciar_transmissao                      ; 3.354 ; 0.000         ;
; temporizador:tmpr|fim_tmp                ; 3.644 ; 0.000         ;
; divisor_clock:divisor_50x|out_clk_tmp_up ; 4.199 ; 0.000         ;
+------------------------------------------+-------+---------------+


+-------------------------------------------------------------------+
; Slow 1200mV 85C Model Minimum Pulse Width Summary                 ;
+------------------------------------------+--------+---------------+
; Clock                                    ; Slack  ; End Point TNS ;
+------------------------------------------+--------+---------------+
; clk_50MHZ                                ; -3.000 ; -42.284       ;
; passagem_zero                            ; -3.000 ; -4.403        ;
; rx                                       ; -3.000 ; -4.403        ;
; divisor_clock:divisor_50x|out_clk_tmp    ; -1.403 ; -613.111      ;
; clk_pid                                  ; -1.403 ; -26.657       ;
; leitor_temperatura:termometro|sck_tmp    ; -1.403 ; -22.448       ;
; uart_rx:u_rx|byte_recebido_tmp           ; -1.403 ; -12.627       ;
; divisor_clock:divisor_50x|out_clk_tmp_up ; -1.403 ; -1.403        ;
; iniciado_tmp                             ; -1.403 ; -1.403        ;
; iniciar_transmissao                      ; -1.403 ; -1.403        ;
; temporizador:tmpr|fim_tmp                ; -1.403 ; -1.403        ;
+------------------------------------------+--------+---------------+


-----------------------------------------------
; Slow 1200mV 85C Model Metastability Summary ;
-----------------------------------------------
No synchronizer chains to report.


+-----------------------------------------------------------------------------------------------------------------------+
; Slow 1200mV 0C Model Fmax Summary                                                                                     ;
+------------+-----------------+---------------------------------------+------------------------------------------------+
; Fmax       ; Restricted Fmax ; Clock Name                            ; Note                                           ;
+------------+-----------------+---------------------------------------+------------------------------------------------+
; 120.85 MHz ; 120.85 MHz      ; divisor_clock:divisor_50x|out_clk_tmp ;                                                ;
; 151.42 MHz ; 151.42 MHz      ; clk_pid                               ;                                                ;
; 182.42 MHz ; 182.42 MHz      ; clk_50MHZ                             ;                                                ;
; 417.71 MHz ; 416.15 MHz      ; leitor_temperatura:termometro|sck_tmp ; limit due to minimum period restriction (tmin) ;
; 672.49 MHz ; 416.15 MHz      ; uart_rx:u_rx|byte_recebido_tmp        ; limit due to minimum period restriction (tmin) ;
+------------+-----------------+---------------------------------------+------------------------------------------------+
This panel reports FMAX for every clock in the design, regardless of the user-specified clock periods.  FMAX is only computed for paths where the source and destination registers or ports are driven by the same clock.  Paths of different clocks, including generated clocks, are ignored.  For paths between a clock and its inversion, FMAX is computed as if the rising and falling edges are scaled along with FMAX, such that the duty cycle (in terms of a percentage) is maintained. Altera recommends that you always use clock constraints and other slack reports for sign-off analysis.


+----------------------------------------------------------------+
; Slow 1200mV 0C Model Setup Summary                             ;
+---------------------------------------+--------+---------------+
; Clock                                 ; Slack  ; End Point TNS ;
+---------------------------------------+--------+---------------+
; clk_pid                               ; -9.438 ; -77.259       ;
; divisor_clock:divisor_50x|out_clk_tmp ; -7.345 ; -1777.434     ;
; clk_50MHZ                             ; -4.482 ; -50.797       ;
; uart_rx:u_rx|byte_recebido_tmp        ; -1.489 ; -11.912       ;
; leitor_temperatura:termometro|sck_tmp ; -1.394 ; -16.322       ;
+---------------------------------------+--------+---------------+


+---------------------------------------------------------------+
; Slow 1200mV 0C Model Hold Summary                             ;
+---------------------------------------+-------+---------------+
; Clock                                 ; Slack ; End Point TNS ;
+---------------------------------------+-------+---------------+
; divisor_clock:divisor_50x|out_clk_tmp ; 0.290 ; 0.000         ;
; leitor_temperatura:termometro|sck_tmp ; 0.307 ; 0.000         ;
; clk_50MHZ                             ; 0.370 ; 0.000         ;
; uart_rx:u_rx|byte_recebido_tmp        ; 1.183 ; 0.000         ;
; clk_pid                               ; 1.388 ; 0.000         ;
+---------------------------------------+-------+---------------+


+-------------------------------------------------------------------+
; Slow 1200mV 0C Model Recovery Summary                             ;
+------------------------------------------+--------+---------------+
; Clock                                    ; Slack  ; End Point TNS ;
+------------------------------------------+--------+---------------+
; divisor_clock:divisor_50x|out_clk_tmp_up ; -3.334 ; -3.334        ;
; iniciado_tmp                             ; -3.331 ; -3.331        ;
; temporizador:tmpr|fim_tmp                ; -2.796 ; -2.796        ;
; iniciar_transmissao                      ; -2.541 ; -2.541        ;
; rx                                       ; -1.299 ; -1.299        ;
; uart_rx:u_rx|byte_recebido_tmp           ; -0.943 ; -0.943        ;
; passagem_zero                            ; -0.522 ; -0.522        ;
+------------------------------------------+--------+---------------+


+------------------------------------------------------------------+
; Slow 1200mV 0C Model Removal Summary                             ;
+------------------------------------------+-------+---------------+
; Clock                                    ; Slack ; End Point TNS ;
+------------------------------------------+-------+---------------+
; iniciado_tmp                             ; 0.771 ; 0.000         ;
; passagem_zero                            ; 0.924 ; 0.000         ;
; uart_rx:u_rx|byte_recebido_tmp           ; 1.385 ; 0.000         ;
; rx                                       ; 1.711 ; 0.000         ;
; iniciar_transmissao                      ; 3.034 ; 0.000         ;
; temporizador:tmpr|fim_tmp                ; 3.306 ; 0.000         ;
; divisor_clock:divisor_50x|out_clk_tmp_up ; 3.850 ; 0.000         ;
+------------------------------------------+-------+---------------+


+-------------------------------------------------------------------+
; Slow 1200mV 0C Model Minimum Pulse Width Summary                  ;
+------------------------------------------+--------+---------------+
; Clock                                    ; Slack  ; End Point TNS ;
+------------------------------------------+--------+---------------+
; clk_50MHZ                                ; -3.000 ; -42.284       ;
; passagem_zero                            ; -3.000 ; -4.403        ;
; rx                                       ; -3.000 ; -4.403        ;
; divisor_clock:divisor_50x|out_clk_tmp    ; -1.403 ; -613.111      ;
; clk_pid                                  ; -1.403 ; -26.657       ;
; leitor_temperatura:termometro|sck_tmp    ; -1.403 ; -22.448       ;
; uart_rx:u_rx|byte_recebido_tmp           ; -1.403 ; -12.627       ;
; divisor_clock:divisor_50x|out_clk_tmp_up ; -1.403 ; -1.403        ;
; iniciado_tmp                             ; -1.403 ; -1.403        ;
; iniciar_transmissao                      ; -1.403 ; -1.403        ;
; temporizador:tmpr|fim_tmp                ; -1.403 ; -1.403        ;
+------------------------------------------+--------+---------------+


----------------------------------------------
; Slow 1200mV 0C Model Metastability Summary ;
----------------------------------------------
No synchronizer chains to report.


+----------------------------------------------------------------+
; Fast 1200mV 0C Model Setup Summary                             ;
+---------------------------------------+--------+---------------+
; Clock                                 ; Slack  ; End Point TNS ;
+---------------------------------------+--------+---------------+
; clk_pid                               ; -3.770 ; -26.400       ;
; divisor_clock:divisor_50x|out_clk_tmp ; -2.960 ; -597.361      ;
; clk_50MHZ                             ; -1.429 ; -8.059        ;
; uart_rx:u_rx|byte_recebido_tmp        ; -0.211 ; -1.621        ;
; leitor_temperatura:termometro|sck_tmp ; -0.108 ; -0.274        ;
+---------------------------------------+--------+---------------+


+---------------------------------------------------------------+
; Fast 1200mV 0C Model Hold Summary                             ;
+---------------------------------------+-------+---------------+
; Clock                                 ; Slack ; End Point TNS ;
+---------------------------------------+-------+---------------+
; divisor_clock:divisor_50x|out_clk_tmp ; 0.140 ; 0.000         ;
; leitor_temperatura:termometro|sck_tmp ; 0.149 ; 0.000         ;
; clk_50MHZ                             ; 0.160 ; 0.000         ;
; uart_rx:u_rx|byte_recebido_tmp        ; 0.534 ; 0.000         ;
; clk_pid                               ; 0.634 ; 0.000         ;
+---------------------------------------+-------+---------------+


+-------------------------------------------------------------------+
; Fast 1200mV 0C Model Recovery Summary                             ;
+------------------------------------------+--------+---------------+
; Clock                                    ; Slack  ; End Point TNS ;
+------------------------------------------+--------+---------------+
; divisor_clock:divisor_50x|out_clk_tmp_up ; -1.871 ; -1.871        ;
; iniciado_tmp                             ; -1.304 ; -1.304        ;
; temporizador:tmpr|fim_tmp                ; -1.014 ; -1.014        ;
; iniciar_transmissao                      ; -0.890 ; -0.890        ;
; rx                                       ; -0.296 ; -0.296        ;
; passagem_zero                            ; -0.065 ; -0.065        ;
; uart_rx:u_rx|byte_recebido_tmp           ; 0.015  ; 0.000         ;
+------------------------------------------+--------+---------------+


+------------------------------------------------------------------+
; Fast 1200mV 0C Model Removal Summary                             ;
+------------------------------------------+-------+---------------+
; Clock                                    ; Slack ; End Point TNS ;
+------------------------------------------+-------+---------------+
; iniciado_tmp                             ; 0.305 ; 0.000         ;
; uart_rx:u_rx|byte_recebido_tmp           ; 0.650 ; 0.000         ;
; passagem_zero                            ; 0.740 ; 0.000         ;
; rx                                       ; 0.968 ; 0.000         ;
; iniciar_transmissao                      ; 1.629 ; 0.000         ;
; temporizador:tmpr|fim_tmp                ; 1.760 ; 0.000         ;
; divisor_clock:divisor_50x|out_clk_tmp_up ; 2.604 ; 0.000         ;
+------------------------------------------+-------+---------------+


+-------------------------------------------------------------------+
; Fast 1200mV 0C Model Minimum Pulse Width Summary                  ;
+------------------------------------------+--------+---------------+
; Clock                                    ; Slack  ; End Point TNS ;
+------------------------------------------+--------+---------------+
; clk_50MHZ                                ; -3.000 ; -32.084       ;
; passagem_zero                            ; -3.000 ; -4.139        ;
; rx                                       ; -3.000 ; -4.012        ;
; divisor_clock:divisor_50x|out_clk_tmp    ; -1.000 ; -437.000      ;
; clk_pid                                  ; -1.000 ; -19.000       ;
; leitor_temperatura:termometro|sck_tmp    ; -1.000 ; -16.000       ;
; uart_rx:u_rx|byte_recebido_tmp           ; -1.000 ; -9.000        ;
; divisor_clock:divisor_50x|out_clk_tmp_up ; -1.000 ; -1.000        ;
; iniciado_tmp                             ; -1.000 ; -1.000        ;
; iniciar_transmissao                      ; -1.000 ; -1.000        ;
; temporizador:tmpr|fim_tmp                ; -1.000 ; -1.000        ;
+------------------------------------------+--------+---------------+


----------------------------------------------
; Fast 1200mV 0C Model Metastability Summary ;
----------------------------------------------
No synchronizer chains to report.


+----------------------------------------------------------------------------------------------------------+
; Multicorner Timing Analysis Summary                                                                      ;
+-------------------------------------------+-----------+-------+----------+---------+---------------------+
; Clock                                     ; Setup     ; Hold  ; Recovery ; Removal ; Minimum Pulse Width ;
+-------------------------------------------+-----------+-------+----------+---------+---------------------+
; Worst-case Slack                          ; -10.290   ; 0.140 ; -3.749   ; 0.305   ; -3.000              ;
;  clk_50MHZ                                ; -5.034    ; 0.160 ; N/A      ; N/A     ; -3.000              ;
;  clk_pid                                  ; -10.290   ; 0.634 ; N/A      ; N/A     ; -1.403              ;
;  divisor_clock:divisor_50x|out_clk_tmp    ; -8.090    ; 0.140 ; N/A      ; N/A     ; -1.403              ;
;  divisor_clock:divisor_50x|out_clk_tmp_up ; N/A       ; N/A   ; -3.724   ; 2.604   ; -1.403              ;
;  iniciado_tmp                             ; N/A       ; N/A   ; -3.749   ; 0.305   ; -1.403              ;
;  iniciar_transmissao                      ; N/A       ; N/A   ; -2.904   ; 1.629   ; -1.403              ;
;  leitor_temperatura:termometro|sck_tmp    ; -1.592    ; 0.149 ; N/A      ; N/A     ; -1.403              ;
;  passagem_zero                            ; N/A       ; N/A   ; -0.787   ; 0.740   ; -3.000              ;
;  rx                                       ; N/A       ; N/A   ; -1.523   ; 0.968   ; -3.000              ;
;  temporizador:tmpr|fim_tmp                ; N/A       ; N/A   ; -3.176   ; 1.760   ; -1.403              ;
;  uart_rx:u_rx|byte_recebido_tmp           ; -1.721    ; 0.534 ; -1.134   ; 0.650   ; -1.403              ;
; Design-wide TNS                           ; -2144.37  ; 0.0   ; -16.997  ; 0.0     ; -731.545            ;
;  clk_50MHZ                                ; -58.907   ; 0.000 ; N/A      ; N/A     ; -42.284             ;
;  clk_pid                                  ; -85.086   ; 0.000 ; N/A      ; N/A     ; -26.657             ;
;  divisor_clock:divisor_50x|out_clk_tmp    ; -1967.384 ; 0.000 ; N/A      ; N/A     ; -613.111            ;
;  divisor_clock:divisor_50x|out_clk_tmp_up ; N/A       ; N/A   ; -3.724   ; 0.000   ; -1.403              ;
;  iniciado_tmp                             ; N/A       ; N/A   ; -3.749   ; 0.000   ; -1.403              ;
;  iniciar_transmissao                      ; N/A       ; N/A   ; -2.904   ; 0.000   ; -1.403              ;
;  leitor_temperatura:termometro|sck_tmp    ; -19.225   ; 0.000 ; N/A      ; N/A     ; -22.448             ;
;  passagem_zero                            ; N/A       ; N/A   ; -0.787   ; 0.000   ; -4.403              ;
;  rx                                       ; N/A       ; N/A   ; -1.523   ; 0.000   ; -4.403              ;
;  temporizador:tmpr|fim_tmp                ; N/A       ; N/A   ; -3.176   ; 0.000   ; -1.403              ;
;  uart_rx:u_rx|byte_recebido_tmp           ; -13.768   ; 0.000 ; -1.134   ; 0.000   ; -12.627             ;
+-------------------------------------------+-----------+-------+----------+---------+---------------------+


+-------------------------------------------------------------------------------------------------------------------------------------------------------------------------------------------------------------------------------------------------------------------------------------------------------------------------------------------------------------------------------------------------------------------+
; Board Trace Model Assignments                                                                                                                                                                                                                                                                                                                                                                                     ;
+----------------+--------------+-------------------+-------------------------+-------------------------+---------------+---------------------+----------------+------------------+--------+------------------+------------------------+------------------------+--------------+---------------+-----------------+-------+---------------------+--------------------+---------------+-----------------+-------------+
; Pin            ; I/O Standard ; Near Tline Length ; Near Tline L per Length ; Near Tline C per Length ; Near Series R ; Near Differential R ; Near Pull-up R ; Near Pull-down R ; Near C ; Far Tline Length ; Far Tline L per Length ; Far Tline C per Length ; Far Series R ; Far Pull-up R ; Far Pull-down R ; Far C ; Termination Voltage ; Far Differential R ; EBD File Name ; EBD Signal Name ; EBD Far-end ;
+----------------+--------------+-------------------+-------------------------+-------------------------+---------------+---------------------+----------------+------------------+--------+------------------+------------------------+------------------------+--------------+---------------+-----------------+-------+---------------------+--------------------+---------------+-----------------+-------------+
; tx             ; 2.5 V        ; 0 in              ; 0 H/in                  ; 0 F/in                  ; short         ; -                   ; open           ; open             ; open   ; 0 in             ; 0 H/in                 ; 0 F/in                 ; short        ; open          ; open            ; open  ; 0 V                 ; -                  ; n/a           ; n/a             ; n/a         ;
; cs             ; 2.5 V        ; 0 in              ; 0 H/in                  ; 0 F/in                  ; short         ; -                   ; open           ; open             ; open   ; 0 in             ; 0 H/in                 ; 0 F/in                 ; short        ; open          ; open            ; open  ; 0 V                 ; -                  ; n/a           ; n/a             ; n/a         ;
; sck            ; 2.5 V        ; 0 in              ; 0 H/in                  ; 0 F/in                  ; short         ; -                   ; open           ; open             ; open   ; 0 in             ; 0 H/in                 ; 0 F/in                 ; short        ; open          ; open            ; open  ; 0 V                 ; -                  ; n/a           ; n/a             ; n/a         ;
; disparo_triac  ; 2.5 V        ; 0 in              ; 0 H/in                  ; 0 F/in                  ; short         ; -                   ; open           ; open             ; open   ; 0 in             ; 0 H/in                 ; 0 F/in                 ; short        ; open          ; open            ; open  ; 0 V                 ; -                  ; n/a           ; n/a             ; n/a         ;
; iniciado       ; 2.5 V        ; 0 in              ; 0 H/in                  ; 0 F/in                  ; short         ; -                   ; open           ; open             ; open   ; 0 in             ; 0 H/in                 ; 0 F/in                 ; short        ; open          ; open            ; open  ; 0 V                 ; -                  ; n/a           ; n/a             ; n/a         ;
; pid_ativo      ; 2.5 V        ; 0 in              ; 0 H/in                  ; 0 F/in                  ; short         ; -                   ; open           ; open             ; open   ; 0 in             ; 0 H/in                 ; 0 F/in                 ; short        ; open          ; open            ; open  ; 0 V                 ; -                  ; n/a           ; n/a             ; n/a         ;
; contagem_ativa ; 2.5 V        ; 0 in              ; 0 H/in                  ; 0 F/in                  ; short         ; -                   ; open           ; open             ; open   ; 0 in             ; 0 H/in                 ; 0 F/in                 ; short        ; open          ; open            ; open  ; 0 V                 ; -                  ; n/a           ; n/a             ; n/a         ;
; ~ALTERA_TDO~   ; 2.5 V        ; 0 in              ; 0 H/in                  ; 0 F/in                  ; short         ; -                   ; open           ; open             ; open   ; 0 in             ; 0 H/in                 ; 0 F/in                 ; short        ; open          ; open            ; open  ; 0 V                 ; -                  ; n/a           ; n/a             ; n/a         ;
+----------------+--------------+-------------------+-------------------------+-------------------------+---------------+---------------------+----------------+------------------+--------+------------------+------------------------+------------------------+--------------+---------------+-----------------+-------+---------------------+--------------------+---------------+-----------------+-------------+


+---------------------------------------------------------------------------------+
; Input Transition Times                                                          ;
+---------------------+-----------------------+-----------------+-----------------+
; Pin                 ; I/O Standard          ; 10-90 Rise Time ; 90-10 Fall Time ;
+---------------------+-----------------------+-----------------+-----------------+
; clk_50MHZ           ; 2.5 V                 ; 2000 ps         ; 2000 ps         ;
; passagem_zero       ; 2.5 V                 ; 2000 ps         ; 2000 ps         ;
; so                  ; 2.5 V                 ; 2000 ps         ; 2000 ps         ;
; rx                  ; 2.5 V                 ; 2000 ps         ; 2000 ps         ;
; ~ALTERA_TMS~        ; 2.5 V Schmitt Trigger ; 2000 ps         ; 2000 ps         ;
; ~ALTERA_TCK~        ; 2.5 V Schmitt Trigger ; 2000 ps         ; 2000 ps         ;
; ~ALTERA_TDI~        ; 2.5 V Schmitt Trigger ; 2000 ps         ; 2000 ps         ;
; ~ALTERA_CONFIG_SEL~ ; 2.5 V                 ; 2000 ps         ; 2000 ps         ;
; ~ALTERA_nCONFIG~    ; 2.5 V Schmitt Trigger ; 2000 ps         ; 2000 ps         ;
; ~ALTERA_nSTATUS~    ; 2.5 V Schmitt Trigger ; 2000 ps         ; 2000 ps         ;
; ~ALTERA_CONF_DONE~  ; 2.5 V Schmitt Trigger ; 2000 ps         ; 2000 ps         ;
+---------------------+-----------------------+-----------------+-----------------+


+---------------------------------------------------------------------------------------------------------------------------------------------------------------------------------------------------------------------------------------------------------------------------------------------------------------------------------------------------------------------------------------------------------------------------------------------------------------------------------------------------------------------------------------------------------------------------------------------------------------------------------------------------------------------------------------------+
; Signal Integrity Metrics (Slow 1200mv 0c Model)                                                                                                                                                                                                                                                                                                                                                                                                                                                                                                                                                                                                                                             ;
+----------------+--------------+---------------------+---------------------+------------------------------+------------------------------+---------------------+---------------------+--------------------------------------+--------------------------------------+-----------------------------+-----------------------------+----------------------------+----------------------------+-----------------------------+-----------------------------+--------------------+--------------------+-------------------------------------+-------------------------------------+----------------------------+----------------------------+---------------------------+---------------------------+
; Pin            ; I/O Standard ; Board Delay on Rise ; Board Delay on Fall ; Steady State Voh at FPGA Pin ; Steady State Vol at FPGA Pin ; Voh Max at FPGA Pin ; Vol Min at FPGA Pin ; Ringback Voltage on Rise at FPGA Pin ; Ringback Voltage on Fall at FPGA Pin ; 10-90 Rise Time at FPGA Pin ; 90-10 Fall Time at FPGA Pin ; Monotonic Rise at FPGA Pin ; Monotonic Fall at FPGA Pin ; Steady State Voh at Far-end ; Steady State Vol at Far-end ; Voh Max at Far-end ; Vol Min at Far-end ; Ringback Voltage on Rise at Far-end ; Ringback Voltage on Fall at Far-end ; 10-90 Rise Time at Far-end ; 90-10 Fall Time at Far-end ; Monotonic Rise at Far-end ; Monotonic Fall at Far-end ;
+----------------+--------------+---------------------+---------------------+------------------------------+------------------------------+---------------------+---------------------+--------------------------------------+--------------------------------------+-----------------------------+-----------------------------+----------------------------+----------------------------+-----------------------------+-----------------------------+--------------------+--------------------+-------------------------------------+-------------------------------------+----------------------------+----------------------------+---------------------------+---------------------------+
; tx             ; 2.5 V        ; 0 s                 ; 0 s                 ; 2.32 V                       ; 8.26e-09 V                   ; 2.4 V               ; -0.0773 V           ; 0.156 V                              ; 0.166 V                              ; 4.55e-10 s                  ; 4.33e-10 s                  ; No                         ; Yes                        ; 2.32 V                      ; 8.26e-09 V                  ; 2.4 V              ; -0.0773 V          ; 0.156 V                             ; 0.166 V                             ; 4.55e-10 s                 ; 4.33e-10 s                 ; No                        ; Yes                       ;
; cs             ; 2.5 V        ; 0 s                 ; 0 s                 ; 2.32 V                       ; 8.26e-09 V                   ; 2.4 V               ; -0.0783 V           ; 0.157 V                              ; 0.167 V                              ; 4.55e-10 s                  ; 4.33e-10 s                  ; No                         ; Yes                        ; 2.32 V                      ; 8.26e-09 V                  ; 2.4 V              ; -0.0783 V          ; 0.157 V                             ; 0.167 V                             ; 4.55e-10 s                 ; 4.33e-10 s                 ; No                        ; Yes                       ;
; sck            ; 2.5 V        ; 0 s                 ; 0 s                 ; 2.32 V                       ; 8.26e-09 V                   ; 2.4 V               ; -0.0773 V           ; 0.156 V                              ; 0.166 V                              ; 4.55e-10 s                  ; 4.33e-10 s                  ; No                         ; Yes                        ; 2.32 V                      ; 8.26e-09 V                  ; 2.4 V              ; -0.0773 V          ; 0.156 V                             ; 0.166 V                             ; 4.55e-10 s                 ; 4.33e-10 s                 ; No                        ; Yes                       ;
; disparo_triac  ; 2.5 V        ; 0 s                 ; 0 s                 ; 2.32 V                       ; 8.26e-09 V                   ; 2.4 V               ; -0.0783 V           ; 0.157 V                              ; 0.167 V                              ; 4.55e-10 s                  ; 4.33e-10 s                  ; No                         ; Yes                        ; 2.32 V                      ; 8.26e-09 V                  ; 2.4 V              ; -0.0783 V          ; 0.157 V                             ; 0.167 V                             ; 4.55e-10 s                 ; 4.33e-10 s                 ; No                        ; Yes                       ;
; iniciado       ; 2.5 V        ; 0 s                 ; 0 s                 ; 2.32 V                       ; 8.25e-09 V                   ; 2.41 V              ; -0.0859 V           ; 0.289 V                              ; 0.136 V                              ; 3.15e-10 s                  ; 4.16e-10 s                  ; No                         ; Yes                        ; 2.32 V                      ; 8.25e-09 V                  ; 2.41 V             ; -0.0859 V          ; 0.289 V                             ; 0.136 V                             ; 3.15e-10 s                 ; 4.16e-10 s                 ; No                        ; Yes                       ;
; pid_ativo      ; 2.5 V        ; 0 s                 ; 0 s                 ; 2.32 V                       ; 8.25e-09 V                   ; 2.41 V              ; -0.0871 V           ; 0.291 V                              ; 0.138 V                              ; 3.15e-10 s                  ; 4.16e-10 s                  ; No                         ; Yes                        ; 2.32 V                      ; 8.25e-09 V                  ; 2.41 V             ; -0.0871 V          ; 0.291 V                             ; 0.138 V                             ; 3.15e-10 s                 ; 4.16e-10 s                 ; No                        ; Yes                       ;
; contagem_ativa ; 2.5 V        ; 0 s                 ; 0 s                 ; 2.32 V                       ; 8.25e-09 V                   ; 2.41 V              ; -0.0859 V           ; 0.289 V                              ; 0.136 V                              ; 3.15e-10 s                  ; 4.16e-10 s                  ; No                         ; Yes                        ; 2.32 V                      ; 8.25e-09 V                  ; 2.41 V             ; -0.0859 V          ; 0.289 V                             ; 0.136 V                             ; 3.15e-10 s                 ; 4.16e-10 s                 ; No                        ; Yes                       ;
; ~ALTERA_TDO~   ; 2.5 V        ; 0 s                 ; 0 s                 ; 2.32 V                       ; 1.39e-08 V                   ; 2.39 V              ; -0.0407 V           ; 0.211 V                              ; 0.121 V                              ; 4.7e-10 s                   ; 5.93e-10 s                  ; No                         ; Yes                        ; 2.32 V                      ; 1.39e-08 V                  ; 2.39 V             ; -0.0407 V          ; 0.211 V                             ; 0.121 V                             ; 4.7e-10 s                  ; 5.93e-10 s                 ; No                        ; Yes                       ;
+----------------+--------------+---------------------+---------------------+------------------------------+------------------------------+---------------------+---------------------+--------------------------------------+--------------------------------------+-----------------------------+-----------------------------+----------------------------+----------------------------+-----------------------------+-----------------------------+--------------------+--------------------+-------------------------------------+-------------------------------------+----------------------------+----------------------------+---------------------------+---------------------------+


+---------------------------------------------------------------------------------------------------------------------------------------------------------------------------------------------------------------------------------------------------------------------------------------------------------------------------------------------------------------------------------------------------------------------------------------------------------------------------------------------------------------------------------------------------------------------------------------------------------------------------------------------------------------------------------------------+
; Signal Integrity Metrics (Slow 1200mv 85c Model)                                                                                                                                                                                                                                                                                                                                                                                                                                                                                                                                                                                                                                            ;
+----------------+--------------+---------------------+---------------------+------------------------------+------------------------------+---------------------+---------------------+--------------------------------------+--------------------------------------+-----------------------------+-----------------------------+----------------------------+----------------------------+-----------------------------+-----------------------------+--------------------+--------------------+-------------------------------------+-------------------------------------+----------------------------+----------------------------+---------------------------+---------------------------+
; Pin            ; I/O Standard ; Board Delay on Rise ; Board Delay on Fall ; Steady State Voh at FPGA Pin ; Steady State Vol at FPGA Pin ; Voh Max at FPGA Pin ; Vol Min at FPGA Pin ; Ringback Voltage on Rise at FPGA Pin ; Ringback Voltage on Fall at FPGA Pin ; 10-90 Rise Time at FPGA Pin ; 90-10 Fall Time at FPGA Pin ; Monotonic Rise at FPGA Pin ; Monotonic Fall at FPGA Pin ; Steady State Voh at Far-end ; Steady State Vol at Far-end ; Voh Max at Far-end ; Vol Min at Far-end ; Ringback Voltage on Rise at Far-end ; Ringback Voltage on Fall at Far-end ; 10-90 Rise Time at Far-end ; 90-10 Fall Time at Far-end ; Monotonic Rise at Far-end ; Monotonic Fall at Far-end ;
+----------------+--------------+---------------------+---------------------+------------------------------+------------------------------+---------------------+---------------------+--------------------------------------+--------------------------------------+-----------------------------+-----------------------------+----------------------------+----------------------------+-----------------------------+-----------------------------+--------------------+--------------------+-------------------------------------+-------------------------------------+----------------------------+----------------------------+---------------------------+---------------------------+
; tx             ; 2.5 V        ; 0 s                 ; 0 s                 ; 2.32 V                       ; 1.16e-06 V                   ; 2.37 V              ; -0.0449 V           ; 0.201 V                              ; 0.093 V                              ; 4.89e-10 s                  ; 5.81e-10 s                  ; Yes                        ; No                         ; 2.32 V                      ; 1.16e-06 V                  ; 2.37 V             ; -0.0449 V          ; 0.201 V                             ; 0.093 V                             ; 4.89e-10 s                 ; 5.81e-10 s                 ; Yes                       ; No                        ;
; cs             ; 2.5 V        ; 0 s                 ; 0 s                 ; 2.32 V                       ; 1.16e-06 V                   ; 2.37 V              ; -0.0459 V           ; 0.201 V                              ; 0.093 V                              ; 4.9e-10 s                   ; 5.83e-10 s                  ; Yes                        ; No                         ; 2.32 V                      ; 1.16e-06 V                  ; 2.37 V             ; -0.0459 V          ; 0.201 V                             ; 0.093 V                             ; 4.9e-10 s                  ; 5.83e-10 s                 ; Yes                       ; No                        ;
; sck            ; 2.5 V        ; 0 s                 ; 0 s                 ; 2.32 V                       ; 1.16e-06 V                   ; 2.37 V              ; -0.0449 V           ; 0.201 V                              ; 0.093 V                              ; 4.89e-10 s                  ; 5.81e-10 s                  ; Yes                        ; No                         ; 2.32 V                      ; 1.16e-06 V                  ; 2.37 V             ; -0.0449 V          ; 0.201 V                             ; 0.093 V                             ; 4.89e-10 s                 ; 5.81e-10 s                 ; Yes                       ; No                        ;
; disparo_triac  ; 2.5 V        ; 0 s                 ; 0 s                 ; 2.32 V                       ; 1.16e-06 V                   ; 2.37 V              ; -0.0459 V           ; 0.201 V                              ; 0.093 V                              ; 4.9e-10 s                   ; 5.83e-10 s                  ; Yes                        ; No                         ; 2.32 V                      ; 1.16e-06 V                  ; 2.37 V             ; -0.0459 V          ; 0.201 V                             ; 0.093 V                             ; 4.9e-10 s                  ; 5.83e-10 s                 ; Yes                       ; No                        ;
; iniciado       ; 2.5 V        ; 0 s                 ; 0 s                 ; 2.32 V                       ; 1.16e-06 V                   ; 2.37 V              ; -0.049 V            ; 0.154 V                              ; 0.186 V                              ; 4.63e-10 s                  ; 4.5e-10 s                   ; Yes                        ; Yes                        ; 2.32 V                      ; 1.16e-06 V                  ; 2.37 V             ; -0.049 V           ; 0.154 V                             ; 0.186 V                             ; 4.63e-10 s                 ; 4.5e-10 s                  ; Yes                       ; Yes                       ;
; pid_ativo      ; 2.5 V        ; 0 s                 ; 0 s                 ; 2.32 V                       ; 1.16e-06 V                   ; 2.37 V              ; -0.0508 V           ; 0.153 V                              ; 0.187 V                              ; 4.63e-10 s                  ; 4.49e-10 s                  ; Yes                        ; Yes                        ; 2.32 V                      ; 1.16e-06 V                  ; 2.37 V             ; -0.0508 V          ; 0.153 V                             ; 0.187 V                             ; 4.63e-10 s                 ; 4.49e-10 s                 ; Yes                       ; Yes                       ;
; contagem_ativa ; 2.5 V        ; 0 s                 ; 0 s                 ; 2.32 V                       ; 1.16e-06 V                   ; 2.37 V              ; -0.049 V            ; 0.154 V                              ; 0.186 V                              ; 4.63e-10 s                  ; 4.5e-10 s                   ; Yes                        ; Yes                        ; 2.32 V                      ; 1.16e-06 V                  ; 2.37 V             ; -0.049 V           ; 0.154 V                             ; 0.186 V                             ; 4.63e-10 s                 ; 4.5e-10 s                  ; Yes                       ; Yes                       ;
; ~ALTERA_TDO~   ; 2.5 V        ; 0 s                 ; 0 s                 ; 2.32 V                       ; 1.97e-06 V                   ; 2.36 V              ; -0.0174 V           ; 0.144 V                              ; 0.094 V                              ; 6.44e-10 s                  ; 7.22e-10 s                  ; No                         ; Yes                        ; 2.32 V                      ; 1.97e-06 V                  ; 2.36 V             ; -0.0174 V          ; 0.144 V                             ; 0.094 V                             ; 6.44e-10 s                 ; 7.22e-10 s                 ; No                        ; Yes                       ;
+----------------+--------------+---------------------+---------------------+------------------------------+------------------------------+---------------------+---------------------+--------------------------------------+--------------------------------------+-----------------------------+-----------------------------+----------------------------+----------------------------+-----------------------------+-----------------------------+--------------------+--------------------+-------------------------------------+-------------------------------------+----------------------------+----------------------------+---------------------------+---------------------------+


+---------------------------------------------------------------------------------------------------------------------------------------------------------------------------------------------------------------------------------------------------------------------------------------------------------------------------------------------------------------------------------------------------------------------------------------------------------------------------------------------------------------------------------------------------------------------------------------------------------------------------------------------------------------------------------------------+
; Signal Integrity Metrics (Fast 1200mv 0c Model)                                                                                                                                                                                                                                                                                                                                                                                                                                                                                                                                                                                                                                             ;
+----------------+--------------+---------------------+---------------------+------------------------------+------------------------------+---------------------+---------------------+--------------------------------------+--------------------------------------+-----------------------------+-----------------------------+----------------------------+----------------------------+-----------------------------+-----------------------------+--------------------+--------------------+-------------------------------------+-------------------------------------+----------------------------+----------------------------+---------------------------+---------------------------+
; Pin            ; I/O Standard ; Board Delay on Rise ; Board Delay on Fall ; Steady State Voh at FPGA Pin ; Steady State Vol at FPGA Pin ; Voh Max at FPGA Pin ; Vol Min at FPGA Pin ; Ringback Voltage on Rise at FPGA Pin ; Ringback Voltage on Fall at FPGA Pin ; 10-90 Rise Time at FPGA Pin ; 90-10 Fall Time at FPGA Pin ; Monotonic Rise at FPGA Pin ; Monotonic Fall at FPGA Pin ; Steady State Voh at Far-end ; Steady State Vol at Far-end ; Voh Max at Far-end ; Vol Min at Far-end ; Ringback Voltage on Rise at Far-end ; Ringback Voltage on Fall at Far-end ; 10-90 Rise Time at Far-end ; 90-10 Fall Time at Far-end ; Monotonic Rise at Far-end ; Monotonic Fall at Far-end ;
+----------------+--------------+---------------------+---------------------+------------------------------+------------------------------+---------------------+---------------------+--------------------------------------+--------------------------------------+-----------------------------+-----------------------------+----------------------------+----------------------------+-----------------------------+-----------------------------+--------------------+--------------------+-------------------------------------+-------------------------------------+----------------------------+----------------------------+---------------------------+---------------------------+
; tx             ; 2.5 V        ; 0 s                 ; 0 s                 ; 2.62 V                       ; 9.95e-08 V                   ; 2.77 V              ; -0.0486 V           ; 0.285 V                              ; 0.06 V                               ; 2.8e-10 s                   ; 3.04e-10 s                  ; No                         ; Yes                        ; 2.62 V                      ; 9.95e-08 V                  ; 2.77 V             ; -0.0486 V          ; 0.285 V                             ; 0.06 V                              ; 2.8e-10 s                  ; 3.04e-10 s                 ; No                        ; Yes                       ;
; cs             ; 2.5 V        ; 0 s                 ; 0 s                 ; 2.62 V                       ; 9.94e-08 V                   ; 2.77 V              ; -0.0485 V           ; 0.289 V                              ; 0.058 V                              ; 2.81e-10 s                  ; 3.04e-10 s                  ; No                         ; Yes                        ; 2.62 V                      ; 9.94e-08 V                  ; 2.77 V             ; -0.0485 V          ; 0.289 V                             ; 0.058 V                             ; 2.81e-10 s                 ; 3.04e-10 s                 ; No                        ; Yes                       ;
; sck            ; 2.5 V        ; 0 s                 ; 0 s                 ; 2.62 V                       ; 9.95e-08 V                   ; 2.77 V              ; -0.0486 V           ; 0.285 V                              ; 0.06 V                               ; 2.8e-10 s                   ; 3.04e-10 s                  ; No                         ; Yes                        ; 2.62 V                      ; 9.95e-08 V                  ; 2.77 V             ; -0.0486 V          ; 0.285 V                             ; 0.06 V                              ; 2.8e-10 s                  ; 3.04e-10 s                 ; No                        ; Yes                       ;
; disparo_triac  ; 2.5 V        ; 0 s                 ; 0 s                 ; 2.62 V                       ; 9.94e-08 V                   ; 2.77 V              ; -0.0485 V           ; 0.289 V                              ; 0.058 V                              ; 2.81e-10 s                  ; 3.04e-10 s                  ; No                         ; Yes                        ; 2.62 V                      ; 9.94e-08 V                  ; 2.77 V             ; -0.0485 V          ; 0.289 V                             ; 0.058 V                             ; 2.81e-10 s                 ; 3.04e-10 s                 ; No                        ; Yes                       ;
; iniciado       ; 2.5 V        ; 0 s                 ; 0 s                 ; 2.62 V                       ; 9.95e-08 V                   ; 2.78 V              ; -0.0452 V           ; 0.248 V                              ; 0.108 V                              ; 2.67e-10 s                  ; 2.75e-10 s                  ; No                         ; Yes                        ; 2.62 V                      ; 9.95e-08 V                  ; 2.78 V             ; -0.0452 V          ; 0.248 V                             ; 0.108 V                             ; 2.67e-10 s                 ; 2.75e-10 s                 ; No                        ; Yes                       ;
; pid_ativo      ; 2.5 V        ; 0 s                 ; 0 s                 ; 2.62 V                       ; 9.94e-08 V                   ; 2.78 V              ; -0.0444 V           ; 0.25 V                               ; 0.107 V                              ; 2.67e-10 s                  ; 2.75e-10 s                  ; No                         ; Yes                        ; 2.62 V                      ; 9.94e-08 V                  ; 2.78 V             ; -0.0444 V          ; 0.25 V                              ; 0.107 V                             ; 2.67e-10 s                 ; 2.75e-10 s                 ; No                        ; Yes                       ;
; contagem_ativa ; 2.5 V        ; 0 s                 ; 0 s                 ; 2.62 V                       ; 9.95e-08 V                   ; 2.78 V              ; -0.0452 V           ; 0.248 V                              ; 0.108 V                              ; 2.67e-10 s                  ; 2.75e-10 s                  ; No                         ; Yes                        ; 2.62 V                      ; 9.95e-08 V                  ; 2.78 V             ; -0.0452 V          ; 0.248 V                             ; 0.108 V                             ; 2.67e-10 s                 ; 2.75e-10 s                 ; No                        ; Yes                       ;
; ~ALTERA_TDO~   ; 2.5 V        ; 0 s                 ; 0 s                 ; 2.62 V                       ; 1.68e-07 V                   ; 2.73 V              ; -0.0396 V           ; 0.362 V                              ; 0.108 V                              ; 3.11e-10 s                  ; 4.42e-10 s                  ; No                         ; Yes                        ; 2.62 V                      ; 1.68e-07 V                  ; 2.73 V             ; -0.0396 V          ; 0.362 V                             ; 0.108 V                             ; 3.11e-10 s                 ; 4.42e-10 s                 ; No                        ; Yes                       ;
+----------------+--------------+---------------------+---------------------+------------------------------+------------------------------+---------------------+---------------------+--------------------------------------+--------------------------------------+-----------------------------+-----------------------------+----------------------------+----------------------------+-----------------------------+-----------------------------+--------------------+--------------------+-------------------------------------+-------------------------------------+----------------------------+----------------------------+---------------------------+---------------------------+


+------------------------------------------------------------------------------------------------------------------------------+
; Setup Transfers                                                                                                              ;
+------------------------------------------+---------------------------------------+----------+----------+----------+----------+
; From Clock                               ; To Clock                              ; RR Paths ; FR Paths ; RF Paths ; FF Paths ;
+------------------------------------------+---------------------------------------+----------+----------+----------+----------+
; clk_50MHZ                                ; clk_50MHZ                             ; 1755     ; 0        ; 0        ; 1        ;
; divisor_clock:divisor_50x|out_clk_tmp_up ; clk_50MHZ                             ; 0        ; 0        ; 1        ; 1        ;
; clk_pid                                  ; clk_pid                               ; 7629     ; 0        ; 0        ; 0        ;
; divisor_clock:divisor_50x|out_clk_tmp    ; clk_pid                               ; 666222   ; 0        ; 0        ; 0        ;
; clk_pid                                  ; divisor_clock:divisor_50x|out_clk_tmp ; 4977     ; 0        ; 0        ; 0        ;
; divisor_clock:divisor_50x|out_clk_tmp    ; divisor_clock:divisor_50x|out_clk_tmp ; 66690    ; 0        ; 0        ; 0        ;
; iniciado_tmp                             ; divisor_clock:divisor_50x|out_clk_tmp ; 182      ; 124      ; 0        ; 0        ;
; iniciar_transmissao                      ; divisor_clock:divisor_50x|out_clk_tmp ; 14       ; 0        ; 0        ; 0        ;
; leitor_temperatura:termometro|sck_tmp    ; divisor_clock:divisor_50x|out_clk_tmp ; 13       ; 1        ; 0        ; 0        ;
; passagem_zero                            ; divisor_clock:divisor_50x|out_clk_tmp ; 2        ; 0        ; 0        ; 0        ;
; rx                                       ; divisor_clock:divisor_50x|out_clk_tmp ; 8        ; 38       ; 0        ; 0        ;
; temporizador:tmpr|fim_tmp                ; divisor_clock:divisor_50x|out_clk_tmp ; 41       ; 0        ; 0        ; 0        ;
; uart_rx:u_rx|byte_recebido_tmp           ; divisor_clock:divisor_50x|out_clk_tmp ; 164062   ; 0        ; 0        ; 0        ;
; leitor_temperatura:termometro|sck_tmp    ; leitor_temperatura:termometro|sck_tmp ; 70       ; 0        ; 0        ; 0        ;
; divisor_clock:divisor_50x|out_clk_tmp    ; uart_rx:u_rx|byte_recebido_tmp        ; 16       ; 0        ; 0        ; 0        ;
; uart_rx:u_rx|byte_recebido_tmp           ; uart_rx:u_rx|byte_recebido_tmp        ; 8        ; 0        ; 0        ; 0        ;
+------------------------------------------+---------------------------------------+----------+----------+----------+----------+
Entries labeled "false path" only account for clock-to-clock false paths and not path-based false paths. As a result, actual path counts may be lower than reported.


+------------------------------------------------------------------------------------------------------------------------------+
; Hold Transfers                                                                                                               ;
+------------------------------------------+---------------------------------------+----------+----------+----------+----------+
; From Clock                               ; To Clock                              ; RR Paths ; FR Paths ; RF Paths ; FF Paths ;
+------------------------------------------+---------------------------------------+----------+----------+----------+----------+
; clk_50MHZ                                ; clk_50MHZ                             ; 1755     ; 0        ; 0        ; 1        ;
; divisor_clock:divisor_50x|out_clk_tmp_up ; clk_50MHZ                             ; 0        ; 0        ; 1        ; 1        ;
; clk_pid                                  ; clk_pid                               ; 7629     ; 0        ; 0        ; 0        ;
; divisor_clock:divisor_50x|out_clk_tmp    ; clk_pid                               ; 666222   ; 0        ; 0        ; 0        ;
; clk_pid                                  ; divisor_clock:divisor_50x|out_clk_tmp ; 4977     ; 0        ; 0        ; 0        ;
; divisor_clock:divisor_50x|out_clk_tmp    ; divisor_clock:divisor_50x|out_clk_tmp ; 66690    ; 0        ; 0        ; 0        ;
; iniciado_tmp                             ; divisor_clock:divisor_50x|out_clk_tmp ; 182      ; 124      ; 0        ; 0        ;
; iniciar_transmissao                      ; divisor_clock:divisor_50x|out_clk_tmp ; 14       ; 0        ; 0        ; 0        ;
; leitor_temperatura:termometro|sck_tmp    ; divisor_clock:divisor_50x|out_clk_tmp ; 13       ; 1        ; 0        ; 0        ;
; passagem_zero                            ; divisor_clock:divisor_50x|out_clk_tmp ; 2        ; 0        ; 0        ; 0        ;
; rx                                       ; divisor_clock:divisor_50x|out_clk_tmp ; 8        ; 38       ; 0        ; 0        ;
; temporizador:tmpr|fim_tmp                ; divisor_clock:divisor_50x|out_clk_tmp ; 41       ; 0        ; 0        ; 0        ;
; uart_rx:u_rx|byte_recebido_tmp           ; divisor_clock:divisor_50x|out_clk_tmp ; 164062   ; 0        ; 0        ; 0        ;
; leitor_temperatura:termometro|sck_tmp    ; leitor_temperatura:termometro|sck_tmp ; 70       ; 0        ; 0        ; 0        ;
; divisor_clock:divisor_50x|out_clk_tmp    ; uart_rx:u_rx|byte_recebido_tmp        ; 16       ; 0        ; 0        ; 0        ;
; uart_rx:u_rx|byte_recebido_tmp           ; uart_rx:u_rx|byte_recebido_tmp        ; 8        ; 0        ; 0        ; 0        ;
+------------------------------------------+---------------------------------------+----------+----------+----------+----------+
Entries labeled "false path" only account for clock-to-clock false paths and not path-based false paths. As a result, actual path counts may be lower than reported.


+------------------------------------------------------------------------------------------------------------------------------+
; Recovery Transfers                                                                                                           ;
+---------------------------------------+------------------------------------------+----------+----------+----------+----------+
; From Clock                            ; To Clock                                 ; RR Paths ; FR Paths ; RF Paths ; FF Paths ;
+---------------------------------------+------------------------------------------+----------+----------+----------+----------+
; clk_50MHZ                             ; divisor_clock:divisor_50x|out_clk_tmp_up ; 0        ; 1        ; 0        ; 0        ;
; divisor_clock:divisor_50x|out_clk_tmp ; iniciado_tmp                             ; 1        ; 0        ; 0        ; 0        ;
; temporizador:tmpr|fim_tmp             ; iniciado_tmp                             ; 1        ; 1        ; 0        ; 0        ;
; divisor_clock:divisor_50x|out_clk_tmp ; iniciar_transmissao                      ; 1        ; 0        ; 0        ; 0        ;
; divisor_clock:divisor_50x|out_clk_tmp ; passagem_zero                            ; 1        ; 0        ; 0        ; 0        ;
; divisor_clock:divisor_50x|out_clk_tmp ; rx                                       ; 0        ; 0        ; 1        ; 0        ;
; divisor_clock:divisor_50x|out_clk_tmp ; temporizador:tmpr|fim_tmp                ; 1        ; 0        ; 0        ; 0        ;
; divisor_clock:divisor_50x|out_clk_tmp ; uart_rx:u_rx|byte_recebido_tmp           ; 1        ; 0        ; 0        ; 0        ;
+---------------------------------------+------------------------------------------+----------+----------+----------+----------+
Entries labeled "false path" only account for clock-to-clock false paths and not path-based false paths. As a result, actual path counts may be lower than reported.


+------------------------------------------------------------------------------------------------------------------------------+
; Removal Transfers                                                                                                            ;
+---------------------------------------+------------------------------------------+----------+----------+----------+----------+
; From Clock                            ; To Clock                                 ; RR Paths ; FR Paths ; RF Paths ; FF Paths ;
+---------------------------------------+------------------------------------------+----------+----------+----------+----------+
; clk_50MHZ                             ; divisor_clock:divisor_50x|out_clk_tmp_up ; 0        ; 1        ; 0        ; 0        ;
; divisor_clock:divisor_50x|out_clk_tmp ; iniciado_tmp                             ; 1        ; 0        ; 0        ; 0        ;
; temporizador:tmpr|fim_tmp             ; iniciado_tmp                             ; 1        ; 1        ; 0        ; 0        ;
; divisor_clock:divisor_50x|out_clk_tmp ; iniciar_transmissao                      ; 1        ; 0        ; 0        ; 0        ;
; divisor_clock:divisor_50x|out_clk_tmp ; passagem_zero                            ; 1        ; 0        ; 0        ; 0        ;
; divisor_clock:divisor_50x|out_clk_tmp ; rx                                       ; 0        ; 0        ; 1        ; 0        ;
; divisor_clock:divisor_50x|out_clk_tmp ; temporizador:tmpr|fim_tmp                ; 1        ; 0        ; 0        ; 0        ;
; divisor_clock:divisor_50x|out_clk_tmp ; uart_rx:u_rx|byte_recebido_tmp           ; 1        ; 0        ; 0        ; 0        ;
+---------------------------------------+------------------------------------------+----------+----------+----------+----------+
Entries labeled "false path" only account for clock-to-clock false paths and not path-based false paths. As a result, actual path counts may be lower than reported.


---------------
; Report TCCS ;
---------------
No dedicated SERDES Transmitter circuitry present in device or used in design


---------------
; Report RSKM ;
---------------
No non-DPA dedicated SERDES Receiver circuitry present in device or used in design


+------------------------------------------------+
; Unconstrained Paths Summary                    ;
+---------------------------------+-------+------+
; Property                        ; Setup ; Hold ;
+---------------------------------+-------+------+
; Illegal Clocks                  ; 0     ; 0    ;
; Unconstrained Clocks            ; 0     ; 0    ;
; Unconstrained Input Ports       ; 1     ; 1    ;
; Unconstrained Input Port Paths  ; 12    ; 12   ;
; Unconstrained Output Ports      ; 7     ; 7    ;
; Unconstrained Output Port Paths ; 7     ; 7    ;
+---------------------------------+-------+------+


+----------------------------------------------------------------------------------------------------------+
; Clock Status Summary                                                                                     ;
+------------------------------------------+------------------------------------------+------+-------------+
; Target                                   ; Clock                                    ; Type ; Status      ;
+------------------------------------------+------------------------------------------+------+-------------+
; clk_50MHZ                                ; clk_50MHZ                                ; Base ; Constrained ;
; clk_pid                                  ; clk_pid                                  ; Base ; Constrained ;
; divisor_clock:divisor_50x|out_clk_tmp    ; divisor_clock:divisor_50x|out_clk_tmp    ; Base ; Constrained ;
; divisor_clock:divisor_50x|out_clk_tmp_up ; divisor_clock:divisor_50x|out_clk_tmp_up ; Base ; Constrained ;
; iniciado_tmp                             ; iniciado_tmp                             ; Base ; Constrained ;
; iniciar_transmissao                      ; iniciar_transmissao                      ; Base ; Constrained ;
; leitor_temperatura:termometro|sck_tmp    ; leitor_temperatura:termometro|sck_tmp    ; Base ; Constrained ;
; passagem_zero                            ; passagem_zero                            ; Base ; Constrained ;
; rx                                       ; rx                                       ; Base ; Constrained ;
; temporizador:tmpr|fim_tmp                ; temporizador:tmpr|fim_tmp                ; Base ; Constrained ;
; uart_rx:u_rx|byte_recebido_tmp           ; uart_rx:u_rx|byte_recebido_tmp           ; Base ; Constrained ;
+------------------------------------------+------------------------------------------+------+-------------+


+---------------------------------------------------------------------------------------------------+
; Unconstrained Input Ports                                                                         ;
+------------+--------------------------------------------------------------------------------------+
; Input Port ; Comment                                                                              ;
+------------+--------------------------------------------------------------------------------------+
; so         ; No input delay, min/max delays, false-path exceptions, or max skew assignments found ;
+------------+--------------------------------------------------------------------------------------+


+--------------------------------------------------------------------------------------------------------+
; Unconstrained Output Ports                                                                             ;
+----------------+---------------------------------------------------------------------------------------+
; Output Port    ; Comment                                                                               ;
+----------------+---------------------------------------------------------------------------------------+
; contagem_ativa ; No output delay, min/max delays, false-path exceptions, or max skew assignments found ;
; cs             ; No output delay, min/max delays, false-path exceptions, or max skew assignments found ;
; disparo_triac  ; No output delay, min/max delays, false-path exceptions, or max skew assignments found ;
; iniciado       ; No output delay, min/max delays, false-path exceptions, or max skew assignments found ;
; pid_ativo      ; No output delay, min/max delays, false-path exceptions, or max skew assignments found ;
; sck            ; No output delay, min/max delays, false-path exceptions, or max skew assignments found ;
; tx             ; No output delay, min/max delays, false-path exceptions, or max skew assignments found ;
+----------------+---------------------------------------------------------------------------------------+


+---------------------------------------------------------------------------------------------------+
; Unconstrained Input Ports                                                                         ;
+------------+--------------------------------------------------------------------------------------+
; Input Port ; Comment                                                                              ;
+------------+--------------------------------------------------------------------------------------+
; so         ; No input delay, min/max delays, false-path exceptions, or max skew assignments found ;
+------------+--------------------------------------------------------------------------------------+


+--------------------------------------------------------------------------------------------------------+
; Unconstrained Output Ports                                                                             ;
+----------------+---------------------------------------------------------------------------------------+
; Output Port    ; Comment                                                                               ;
+----------------+---------------------------------------------------------------------------------------+
; contagem_ativa ; No output delay, min/max delays, false-path exceptions, or max skew assignments found ;
; cs             ; No output delay, min/max delays, false-path exceptions, or max skew assignments found ;
; disparo_triac  ; No output delay, min/max delays, false-path exceptions, or max skew assignments found ;
; iniciado       ; No output delay, min/max delays, false-path exceptions, or max skew assignments found ;
; pid_ativo      ; No output delay, min/max delays, false-path exceptions, or max skew assignments found ;
; sck            ; No output delay, min/max delays, false-path exceptions, or max skew assignments found ;
; tx             ; No output delay, min/max delays, false-path exceptions, or max skew assignments found ;
+----------------+---------------------------------------------------------------------------------------+


+--------------------------+
; Timing Analyzer Messages ;
+--------------------------+
Info: *******************************************************************
Info: Running Quartus Prime Timing Analyzer
    Info: Version 18.1.0 Build 625 09/12/2018 SJ Lite Edition
    Info: Processing started: Mon May 25 14:15:52 2020
Info: Command: quartus_sta top_level -c top_level
Info: qsta_default_script.tcl version: #1
Warning (18236): Number of processors has not been specified which may cause overloading on shared machines.  Set the global assignment NUM_PARALLEL_PROCESSORS in your QSF to an appropriate value for best performance.
Info (20030): Parallel compilation is enabled and will use 2 of the 2 processors detected
Info (21077): Low junction temperature is 0 degrees C
Info (21077): High junction temperature is 85 degrees C
Critical Warning (332012): Synopsys Design Constraints File file not found: 'top_level.sdc'. A Synopsys Design Constraints File is required by the Timing Analyzer to get proper timing constraints. Without it, the Compiler will not properly optimize the design.
Info (332142): No user constrained base clocks found in the design. Calling "derive_clocks -period 1.0"
Info (332105): Deriving Clocks
    Info (332105): create_clock -period 1.000 -name divisor_clock:divisor_50x|out_clk_tmp divisor_clock:divisor_50x|out_clk_tmp
    Info (332105): create_clock -period 1.000 -name temporizador:tmpr|fim_tmp temporizador:tmpr|fim_tmp
    Info (332105): create_clock -period 1.000 -name uart_rx:u_rx|byte_recebido_tmp uart_rx:u_rx|byte_recebido_tmp
    Info (332105): create_clock -period 1.000 -name divisor_clock:divisor_50x|out_clk_tmp_up divisor_clock:divisor_50x|out_clk_tmp_up
    Info (332105): create_clock -period 1.000 -name clk_50MHZ clk_50MHZ
    Info (332105): create_clock -period 1.000 -name rx rx
    Info (332105): create_clock -period 1.000 -name iniciado_tmp iniciado_tmp
    Info (332105): create_clock -period 1.000 -name clk_pid clk_pid
    Info (332105): create_clock -period 1.000 -name leitor_temperatura:termometro|sck_tmp leitor_temperatura:termometro|sck_tmp
    Info (332105): create_clock -period 1.000 -name iniciar_transmissao iniciar_transmissao
    Info (332105): create_clock -period 1.000 -name passagem_zero passagem_zero
Info (332143): No user constrained clock uncertainty found in the design. Calling "derive_clock_uncertainty"
Info (332123): Deriving Clock Uncertainty. Please refer to report_sdc in the Timing Analyzer to see clock uncertainties.
Info: Found TIMING_ANALYZER_REPORT_SCRIPT_INCLUDE_DEFAULT_ANALYSIS = ON
Info: Analyzing Slow 1200mV 85C Model
Info: Can't run Report Timing Closure Recommendations. The current device family is not supported.
Critical Warning (332148): Timing requirements not met
Info (332146): Worst-case setup slack is -10.290
    Info (332119):     Slack       End Point TNS Clock 
    Info (332119): ========= =================== =====================
    Info (332119):   -10.290             -85.086 clk_pid 
    Info (332119):    -8.090           -1967.384 divisor_clock:divisor_50x|out_clk_tmp 
    Info (332119):    -5.034             -58.907 clk_50MHZ 
    Info (332119):    -1.721             -13.768 uart_rx:u_rx|byte_recebido_tmp 
    Info (332119):    -1.592             -19.225 leitor_temperatura:termometro|sck_tmp 
Info (332146): Worst-case hold slack is 0.323
    Info (332119):     Slack       End Point TNS Clock 
    Info (332119): ========= =================== =====================
    Info (332119):     0.323               0.000 divisor_clock:divisor_50x|out_clk_tmp 
    Info (332119):     0.342               0.000 leitor_temperatura:termometro|sck_tmp 
    Info (332119):     0.402               0.000 clk_50MHZ 
    Info (332119):     1.279               0.000 uart_rx:u_rx|byte_recebido_tmp 
    Info (332119):     1.542               0.000 clk_pid 
Info (332146): Worst-case recovery slack is -3.749
    Info (332119):     Slack       End Point TNS Clock 
    Info (332119): ========= =================== =====================
    Info (332119):    -3.749              -3.749 iniciado_tmp 
    Info (332119):    -3.724              -3.724 divisor_clock:divisor_50x|out_clk_tmp_up 
    Info (332119):    -3.176              -3.176 temporizador:tmpr|fim_tmp 
    Info (332119):    -2.904              -2.904 iniciar_transmissao 
    Info (332119):    -1.523              -1.523 rx 
    Info (332119):    -1.134              -1.134 uart_rx:u_rx|byte_recebido_tmp 
    Info (332119):    -0.787              -0.787 passagem_zero 
Info (332146): Worst-case removal slack is 0.820
    Info (332119):     Slack       End Point TNS Clock 
    Info (332119): ========= =================== =====================
    Info (332119):     0.820               0.000 iniciado_tmp 
    Info (332119):     1.143               0.000 passagem_zero 
    Info (332119):     1.501               0.000 uart_rx:u_rx|byte_recebido_tmp 
    Info (332119):     1.885               0.000 rx 
    Info (332119):     3.354               0.000 iniciar_transmissao 
    Info (332119):     3.644               0.000 temporizador:tmpr|fim_tmp 
    Info (332119):     4.199               0.000 divisor_clock:divisor_50x|out_clk_tmp_up 
Info (332146): Worst-case minimum pulse width slack is -3.000
    Info (332119):     Slack       End Point TNS Clock 
    Info (332119): ========= =================== =====================
    Info (332119):    -3.000             -42.284 clk_50MHZ 
    Info (332119):    -3.000              -4.403 passagem_zero 
    Info (332119):    -3.000              -4.403 rx 
    Info (332119):    -1.403            -613.111 divisor_clock:divisor_50x|out_clk_tmp 
    Info (332119):    -1.403             -26.657 clk_pid 
    Info (332119):    -1.403             -22.448 leitor_temperatura:termometro|sck_tmp 
    Info (332119):    -1.403             -12.627 uart_rx:u_rx|byte_recebido_tmp 
    Info (332119):    -1.403              -1.403 divisor_clock:divisor_50x|out_clk_tmp_up 
    Info (332119):    -1.403              -1.403 iniciado_tmp 
    Info (332119):    -1.403              -1.403 iniciar_transmissao 
    Info (332119):    -1.403              -1.403 temporizador:tmpr|fim_tmp 
Info: Analyzing Slow 1200mV 0C Model
Info (334003): Started post-fitting delay annotation
Info (334004): Delay annotation completed successfully
Info (332123): Deriving Clock Uncertainty. Please refer to report_sdc in the Timing Analyzer to see clock uncertainties.
Critical Warning (332148): Timing requirements not met
Info (332146): Worst-case setup slack is -9.438
    Info (332119):     Slack       End Point TNS Clock 
    Info (332119): ========= =================== =====================
    Info (332119):    -9.438             -77.259 clk_pid 
    Info (332119):    -7.345           -1777.434 divisor_clock:divisor_50x|out_clk_tmp 
    Info (332119):    -4.482             -50.797 clk_50MHZ 
    Info (332119):    -1.489             -11.912 uart_rx:u_rx|byte_recebido_tmp 
    Info (332119):    -1.394             -16.322 leitor_temperatura:termometro|sck_tmp 
Info (332146): Worst-case hold slack is 0.290
    Info (332119):     Slack       End Point TNS Clock 
    Info (332119): ========= =================== =====================
    Info (332119):     0.290               0.000 divisor_clock:divisor_50x|out_clk_tmp 
    Info (332119):     0.307               0.000 leitor_temperatura:termometro|sck_tmp 
    Info (332119):     0.370               0.000 clk_50MHZ 
    Info (332119):     1.183               0.000 uart_rx:u_rx|byte_recebido_tmp 
    Info (332119):     1.388               0.000 clk_pid 
Info (332146): Worst-case recovery slack is -3.334
    Info (332119):     Slack       End Point TNS Clock 
    Info (332119): ========= =================== =====================
    Info (332119):    -3.334              -3.334 divisor_clock:divisor_50x|out_clk_tmp_up 
    Info (332119):    -3.331              -3.331 iniciado_tmp 
    Info (332119):    -2.796              -2.796 temporizador:tmpr|fim_tmp 
    Info (332119):    -2.541              -2.541 iniciar_transmissao 
    Info (332119):    -1.299              -1.299 rx 
    Info (332119):    -0.943              -0.943 uart_rx:u_rx|byte_recebido_tmp 
    Info (332119):    -0.522              -0.522 passagem_zero 
Info (332146): Worst-case removal slack is 0.771
    Info (332119):     Slack       End Point TNS Clock 
    Info (332119): ========= =================== =====================
    Info (332119):     0.771               0.000 iniciado_tmp 
    Info (332119):     0.924               0.000 passagem_zero 
    Info (332119):     1.385               0.000 uart_rx:u_rx|byte_recebido_tmp 
    Info (332119):     1.711               0.000 rx 
    Info (332119):     3.034               0.000 iniciar_transmissao 
    Info (332119):     3.306               0.000 temporizador:tmpr|fim_tmp 
    Info (332119):     3.850               0.000 divisor_clock:divisor_50x|out_clk_tmp_up 
Info (332146): Worst-case minimum pulse width slack is -3.000
    Info (332119):     Slack       End Point TNS Clock 
    Info (332119): ========= =================== =====================
    Info (332119):    -3.000             -42.284 clk_50MHZ 
    Info (332119):    -3.000              -4.403 passagem_zero 
    Info (332119):    -3.000              -4.403 rx 
    Info (332119):    -1.403            -613.111 divisor_clock:divisor_50x|out_clk_tmp 
    Info (332119):    -1.403             -26.657 clk_pid 
    Info (332119):    -1.403             -22.448 leitor_temperatura:termometro|sck_tmp 
    Info (332119):    -1.403             -12.627 uart_rx:u_rx|byte_recebido_tmp 
    Info (332119):    -1.403              -1.403 divisor_clock:divisor_50x|out_clk_tmp_up 
    Info (332119):    -1.403              -1.403 iniciado_tmp 
    Info (332119):    -1.403              -1.403 iniciar_transmissao 
    Info (332119):    -1.403              -1.403 temporizador:tmpr|fim_tmp 
Info: Analyzing Fast 1200mV 0C Model
Info (332123): Deriving Clock Uncertainty. Please refer to report_sdc in the Timing Analyzer to see clock uncertainties.
Critical Warning (332148): Timing requirements not met
Info (332146): Worst-case setup slack is -3.770
    Info (332119):     Slack       End Point TNS Clock 
    Info (332119): ========= =================== =====================
    Info (332119):    -3.770             -26.400 clk_pid 
    Info (332119):    -2.960            -597.361 divisor_clock:divisor_50x|out_clk_tmp 
    Info (332119):    -1.429              -8.059 clk_50MHZ 
    Info (332119):    -0.211              -1.621 uart_rx:u_rx|byte_recebido_tmp 
    Info (332119):    -0.108              -0.274 leitor_temperatura:termometro|sck_tmp 
Info (332146): Worst-case hold slack is 0.140
    Info (332119):     Slack       End Point TNS Clock 
    Info (332119): ========= =================== =====================
    Info (332119):     0.140               0.000 divisor_clock:divisor_50x|out_clk_tmp 
    Info (332119):     0.149               0.000 leitor_temperatura:termometro|sck_tmp 
    Info (332119):     0.160               0.000 clk_50MHZ 
    Info (332119):     0.534               0.000 uart_rx:u_rx|byte_recebido_tmp 
    Info (332119):     0.634               0.000 clk_pid 
Info (332146): Worst-case recovery slack is -1.871
    Info (332119):     Slack       End Point TNS Clock 
    Info (332119): ========= =================== =====================
    Info (332119):    -1.871              -1.871 divisor_clock:divisor_50x|out_clk_tmp_up 
    Info (332119):    -1.304              -1.304 iniciado_tmp 
    Info (332119):    -1.014              -1.014 temporizador:tmpr|fim_tmp 
    Info (332119):    -0.890              -0.890 iniciar_transmissao 
    Info (332119):    -0.296              -0.296 rx 
    Info (332119):    -0.065              -0.065 passagem_zero 
    Info (332119):     0.015               0.000 uart_rx:u_rx|byte_recebido_tmp 
Info (332146): Worst-case removal slack is 0.305
    Info (332119):     Slack       End Point TNS Clock 
    Info (332119): ========= =================== =====================
    Info (332119):     0.305               0.000 iniciado_tmp 
    Info (332119):     0.650               0.000 uart_rx:u_rx|byte_recebido_tmp 
    Info (332119):     0.740               0.000 passagem_zero 
    Info (332119):     0.968               0.000 rx 
    Info (332119):     1.629               0.000 iniciar_transmissao 
    Info (332119):     1.760               0.000 temporizador:tmpr|fim_tmp 
    Info (332119):     2.604               0.000 divisor_clock:divisor_50x|out_clk_tmp_up 
Info (332146): Worst-case minimum pulse width slack is -3.000
    Info (332119):     Slack       End Point TNS Clock 
    Info (332119): ========= =================== =====================
    Info (332119):    -3.000             -32.084 clk_50MHZ 
    Info (332119):    -3.000              -4.139 passagem_zero 
    Info (332119):    -3.000              -4.012 rx 
    Info (332119):    -1.000            -437.000 divisor_clock:divisor_50x|out_clk_tmp 
    Info (332119):    -1.000             -19.000 clk_pid 
    Info (332119):    -1.000             -16.000 leitor_temperatura:termometro|sck_tmp 
    Info (332119):    -1.000              -9.000 uart_rx:u_rx|byte_recebido_tmp 
    Info (332119):    -1.000              -1.000 divisor_clock:divisor_50x|out_clk_tmp_up 
    Info (332119):    -1.000              -1.000 iniciado_tmp 
    Info (332119):    -1.000              -1.000 iniciar_transmissao 
    Info (332119):    -1.000              -1.000 temporizador:tmpr|fim_tmp 
Info (332102): Design is not fully constrained for setup requirements
Info (332102): Design is not fully constrained for hold requirements
Info: Quartus Prime Timing Analyzer was successful. 0 errors, 5 warnings
    Info: Peak virtual memory: 874 megabytes
    Info: Processing ended: Mon May 25 14:15:57 2020
    Info: Elapsed time: 00:00:05
    Info: Total CPU time (on all processors): 00:00:06


