Analysis & Synthesis report for top_level
Mon May 25 13:21:26 2020
Quartus Prime Version 18.1.0 Build 625 09/12/2018 SJ Lite Edition


---------------------
; Table of Contents ;
---------------------
  1. Legal Notice
  2. Analysis & Synthesis Summary
  3. Analysis & Synthesis Settings
  4. Parallel Compilation
  5. Analysis & Synthesis Source Files Read
  6. Analysis & Synthesis Resource Usage Summary
  7. Analysis & Synthesis Resource Utilization by Entity
  8. Registers Removed During Synthesis
  9. Removed Registers Triggering Further Register Optimizations
 10. General Register Statistics
 11. Inverted Register Statistics
 12. Multiplexer Restructuring Statistics (Restructuring Performed)
 13. Port Connectivity Checks: "temporizador:tmpr"
 14. Port Connectivity Checks: "uart_tx:u_tx"
 15. Port Connectivity Checks: "divisor_clock:divisor_50x"
 16. Post-Synthesis Netlist Statistics for Top Partition
 17. Elapsed Time Per Partition
 18. Analysis & Synthesis Messages



----------------
; Legal Notice ;
----------------
Copyright (C) 2018  Intel Corporation. All rights reserved.
Your use of Intel Corporation's design tools, logic functions 
and other software and tools, and its AMPP partner logic 
functions, and any output files from any of the foregoing 
(including device programming or simulation files), and any 
associated documentation or information are expressly subject 
to the terms and conditions of the Intel Program License 
Subscription Agreement, the Intel Quartus Prime License Agreement,
the Intel FPGA IP License Agreement, or other applicable license
agreement, including, without limitation, that your use is for
the sole purpose of programming logic devices manufactured by
Intel and sold by Intel or its authorized distributors.  Please
refer to the applicable agreement for further details.



+----------------------------------------------------------------------------------+
; Analysis & Synthesis Summary                                                     ;
+------------------------------------+---------------------------------------------+
; Analysis & Synthesis Status        ; Successful - Mon May 25 13:21:26 2020       ;
; Quartus Prime Version              ; 18.1.0 Build 625 09/12/2018 SJ Lite Edition ;
; Revision Name                      ; top_level                                   ;
; Top-level Entity Name              ; top_level                                   ;
; Family                             ; MAX 10                                      ;
; Total logic elements               ; 1,136                                       ;
;     Total combinational functions  ; 912                                         ;
;     Dedicated logic registers      ; 514                                         ;
; Total registers                    ; 514                                         ;
; Total pins                         ; 11                                          ;
; Total virtual pins                 ; 0                                           ;
; Total memory bits                  ; 0                                           ;
; Embedded Multiplier 9-bit elements ; 0                                           ;
; Total PLLs                         ; 0                                           ;
; UFM blocks                         ; 0                                           ;
; ADC blocks                         ; 0                                           ;
+------------------------------------+---------------------------------------------+


+------------------------------------------------------------------------------------------------------------+
; Analysis & Synthesis Settings                                                                              ;
+------------------------------------------------------------------+--------------------+--------------------+
; Option                                                           ; Setting            ; Default Value      ;
+------------------------------------------------------------------+--------------------+--------------------+
; Device                                                           ; 10M50DAF484C7G     ;                    ;
; Top-level entity name                                            ; top_level          ; top_level          ;
; Family name                                                      ; MAX 10             ; Cyclone V          ;
; Use smart compilation                                            ; Off                ; Off                ;
; Enable parallel Assembler and Timing Analyzer during compilation ; On                 ; On                 ;
; Enable compact report table                                      ; Off                ; Off                ;
; Restructure Multiplexers                                         ; Auto               ; Auto               ;
; Create Debugging Nodes for IP Cores                              ; Off                ; Off                ;
; Preserve fewer node names                                        ; On                 ; On                 ;
; Intel FPGA IP Evaluation Mode                                    ; Enable             ; Enable             ;
; Verilog Version                                                  ; Verilog_2001       ; Verilog_2001       ;
; VHDL Version                                                     ; VHDL_1993          ; VHDL_1993          ;
; State Machine Processing                                         ; Auto               ; Auto               ;
; Safe State Machine                                               ; Off                ; Off                ;
; Extract Verilog State Machines                                   ; On                 ; On                 ;
; Extract VHDL State Machines                                      ; On                 ; On                 ;
; Ignore Verilog initial constructs                                ; Off                ; Off                ;
; Iteration limit for constant Verilog loops                       ; 5000               ; 5000               ;
; Iteration limit for non-constant Verilog loops                   ; 250                ; 250                ;
; Add Pass-Through Logic to Inferred RAMs                          ; On                 ; On                 ;
; Infer RAMs from Raw Logic                                        ; On                 ; On                 ;
; Parallel Synthesis                                               ; On                 ; On                 ;
; DSP Block Balancing                                              ; Auto               ; Auto               ;
; NOT Gate Push-Back                                               ; On                 ; On                 ;
; Power-Up Don't Care                                              ; On                 ; On                 ;
; Remove Redundant Logic Cells                                     ; Off                ; Off                ;
; Remove Duplicate Registers                                       ; On                 ; On                 ;
; Ignore CARRY Buffers                                             ; Off                ; Off                ;
; Ignore CASCADE Buffers                                           ; Off                ; Off                ;
; Ignore GLOBAL Buffers                                            ; Off                ; Off                ;
; Ignore ROW GLOBAL Buffers                                        ; Off                ; Off                ;
; Ignore LCELL Buffers                                             ; Off                ; Off                ;
; Ignore SOFT Buffers                                              ; On                 ; On                 ;
; Limit AHDL Integers to 32 Bits                                   ; Off                ; Off                ;
; Optimization Technique                                           ; Balanced           ; Balanced           ;
; Carry Chain Length                                               ; 70                 ; 70                 ;
; Auto Carry Chains                                                ; On                 ; On                 ;
; Auto Open-Drain Pins                                             ; On                 ; On                 ;
; Perform WYSIWYG Primitive Resynthesis                            ; Off                ; Off                ;
; Auto ROM Replacement                                             ; On                 ; On                 ;
; Auto RAM Replacement                                             ; On                 ; On                 ;
; Auto DSP Block Replacement                                       ; On                 ; On                 ;
; Auto Shift Register Replacement                                  ; Auto               ; Auto               ;
; Allow Shift Register Merging across Hierarchies                  ; Auto               ; Auto               ;
; Auto Clock Enable Replacement                                    ; On                 ; On                 ;
; Strict RAM Replacement                                           ; Off                ; Off                ;
; Allow Synchronous Control Signals                                ; On                 ; On                 ;
; Force Use of Synchronous Clear Signals                           ; Off                ; Off                ;
; Auto RAM Block Balancing                                         ; On                 ; On                 ;
; Auto RAM to Logic Cell Conversion                                ; Off                ; Off                ;
; Auto Resource Sharing                                            ; Off                ; Off                ;
; Allow Any RAM Size For Recognition                               ; Off                ; Off                ;
; Allow Any ROM Size For Recognition                               ; Off                ; Off                ;
; Allow Any Shift Register Size For Recognition                    ; Off                ; Off                ;
; Use LogicLock Constraints during Resource Balancing              ; On                 ; On                 ;
; Ignore translate_off and synthesis_off directives                ; Off                ; Off                ;
; Timing-Driven Synthesis                                          ; On                 ; On                 ;
; Report Parameter Settings                                        ; On                 ; On                 ;
; Report Source Assignments                                        ; On                 ; On                 ;
; Report Connectivity Checks                                       ; On                 ; On                 ;
; Ignore Maximum Fan-Out Assignments                               ; Off                ; Off                ;
; Synchronization Register Chain Length                            ; 2                  ; 2                  ;
; Power Optimization During Synthesis                              ; Normal compilation ; Normal compilation ;
; HDL message level                                                ; Level2             ; Level2             ;
; Suppress Register Optimization Related Messages                  ; Off                ; Off                ;
; Number of Removed Registers Reported in Synthesis Report         ; 5000               ; 5000               ;
; Number of Swept Nodes Reported in Synthesis Report               ; 5000               ; 5000               ;
; Number of Inverted Registers Reported in Synthesis Report        ; 100                ; 100                ;
; Clock MUX Protection                                             ; On                 ; On                 ;
; Auto Gated Clock Conversion                                      ; Off                ; Off                ;
; Block Design Naming                                              ; Auto               ; Auto               ;
; SDC constraint protection                                        ; Off                ; Off                ;
; Synthesis Effort                                                 ; Auto               ; Auto               ;
; Shift Register Replacement - Allow Asynchronous Clear Signal     ; On                 ; On                 ;
; Pre-Mapping Resynthesis Optimization                             ; Off                ; Off                ;
; Analysis & Synthesis Message Level                               ; Medium             ; Medium             ;
; Disable Register Merging Across Hierarchies                      ; Auto               ; Auto               ;
; Resource Aware Inference For Block RAM                           ; On                 ; On                 ;
+------------------------------------------------------------------+--------------------+--------------------+


+------------------------------------------+
; Parallel Compilation                     ;
+----------------------------+-------------+
; Processors                 ; Number      ;
+----------------------------+-------------+
; Number detected on machine ; 4           ;
; Maximum allowed            ; 2           ;
;                            ;             ;
; Average used               ; 1.00        ;
; Maximum used               ; 2           ;
;                            ;             ;
; Usage by Processor         ; % Time Used ;
;     Processor 1            ; 100.0%      ;
;     Processor 2            ;   0.1%      ;
+----------------------------+-------------+


+--------------------------------------------------------------------------------------------------------------------------------------------------------------------------------------+
; Analysis & Synthesis Source Files Read                                                                                                                                               ;
+--------------------------------------------------+-----------------+-----------------+-------------------------------------------------------------------------------------+---------+
; File Name with User-Entered Path                 ; Used in Netlist ; File Type       ; File Name with Absolute Path                                                        ; Library ;
+--------------------------------------------------+-----------------+-----------------+-------------------------------------------------------------------------------------+---------+
; ../controlador_potencia/controlador_potencia.vhd ; yes             ; User VHDL File  ; /home/marcelo-note/controle-brassagem/controlador_potencia/controlador_potencia.vhd ;         ;
; ../controlador_pid/controlador_pid.vhd           ; yes             ; User VHDL File  ; /home/marcelo-note/controle-brassagem/controlador_pid/controlador_pid.vhd           ;         ;
; ../leitor_temperatura/leitor_temperatura.vhd     ; yes             ; User VHDL File  ; /home/marcelo-note/controle-brassagem/leitor_temperatura/leitor_temperatura.vhd     ;         ;
; ../temporizador/temporizador.vhd                 ; yes             ; User VHDL File  ; /home/marcelo-note/controle-brassagem/temporizador/temporizador.vhd                 ;         ;
; ../divisor_clock/divisor_clock.vhd               ; yes             ; User VHDL File  ; /home/marcelo-note/controle-brassagem/divisor_clock/divisor_clock.vhd               ;         ;
; ../memoria_rampa/memoria_rampa.vhd               ; yes             ; User VHDL File  ; /home/marcelo-note/controle-brassagem/memoria_rampa/memoria_rampa.vhd               ;         ;
; ../uart/uart_tx.vhd                              ; yes             ; User VHDL File  ; /home/marcelo-note/controle-brassagem/uart/uart_tx.vhd                              ;         ;
; ../uart/uart_rx.vhd                              ; yes             ; User VHDL File  ; /home/marcelo-note/controle-brassagem/uart/uart_rx.vhd                              ;         ;
; top_level.vhd                                    ; yes             ; User VHDL File  ; /home/marcelo-note/controle-brassagem/top_level/top_level.vhd                       ;         ;
+--------------------------------------------------+-----------------+-----------------+-------------------------------------------------------------------------------------+---------+


+-------------------------------------------------------------------------------------+
; Analysis & Synthesis Resource Usage Summary                                         ;
+---------------------------------------------+---------------------------------------+
; Resource                                    ; Usage                                 ;
+---------------------------------------------+---------------------------------------+
; Estimated Total logic elements              ; 1,136                                 ;
;                                             ;                                       ;
; Total combinational functions               ; 912                                   ;
; Logic element usage by number of LUT inputs ;                                       ;
;     -- 4 input functions                    ; 474                                   ;
;     -- 3 input functions                    ; 213                                   ;
;     -- <=2 input functions                  ; 225                                   ;
;                                             ;                                       ;
; Logic elements by mode                      ;                                       ;
;     -- normal mode                          ; 673                                   ;
;     -- arithmetic mode                      ; 239                                   ;
;                                             ;                                       ;
; Total registers                             ; 514                                   ;
;     -- Dedicated logic registers            ; 514                                   ;
;     -- I/O registers                        ; 0                                     ;
;                                             ;                                       ;
; I/O pins                                    ; 11                                    ;
;                                             ;                                       ;
; Embedded Multiplier 9-bit elements          ; 0                                     ;
;                                             ;                                       ;
; Maximum fan-out node                        ; divisor_clock:divisor_50x|out_clk_tmp ;
; Maximum fan-out                             ; 436                                   ;
; Total fan-out                               ; 4326                                  ;
; Average fan-out                             ; 2.99                                  ;
+---------------------------------------------+---------------------------------------+


+--------------------------------------------------------------------------------------------------------------------------------------------------------------------------------------------------------------------------------------------------------------------------------+
; Analysis & Synthesis Resource Utilization by Entity                                                                                                                                                                                                                            ;
+---------------------------------------+---------------------+---------------------------+-------------+------------+--------------+---------+-----------+------+--------------+------------+---------------------------------------------+----------------------+--------------+
; Compilation Hierarchy Node            ; Combinational ALUTs ; Dedicated Logic Registers ; Memory Bits ; UFM Blocks ; DSP Elements ; DSP 9x9 ; DSP 18x18 ; Pins ; Virtual Pins ; ADC blocks ; Full Hierarchy Name                         ; Entity Name          ; Library Name ;
+---------------------------------------+---------------------+---------------------------+-------------+------------+--------------+---------+-----------+------+--------------+------------+---------------------------------------------+----------------------+--------------+
; |top_level                            ; 912 (284)           ; 514 (274)                 ; 0           ; 0          ; 0            ; 0       ; 0         ; 11   ; 0            ; 0          ; |top_level                                  ; top_level            ; work         ;
;    |controlador_pid:pid|              ; 73 (73)             ; 19 (19)                   ; 0           ; 0          ; 0            ; 0       ; 0         ; 0    ; 0            ; 0          ; |top_level|controlador_pid:pid              ; controlador_pid      ; work         ;
;    |controlador_potencia:controlador| ; 120 (120)           ; 27 (27)                   ; 0           ; 0          ; 0            ; 0       ; 0         ; 0    ; 0            ; 0          ; |top_level|controlador_potencia:controlador ; controlador_potencia ; work         ;
;    |divisor_clock:divisor_50x|        ; 39 (39)             ; 29 (29)                   ; 0           ; 0          ; 0            ; 0       ; 0         ; 0    ; 0            ; 0          ; |top_level|divisor_clock:divisor_50x        ; divisor_clock        ; work         ;
;    |leitor_temperatura:termometro|    ; 80 (80)             ; 60 (60)                   ; 0           ; 0          ; 0            ; 0       ; 0         ; 0    ; 0            ; 0          ; |top_level|leitor_temperatura:termometro    ; leitor_temperatura   ; work         ;
;    |temporizador:tmpr|                ; 233 (233)           ; 59 (59)                   ; 0           ; 0          ; 0            ; 0       ; 0         ; 0    ; 0            ; 0          ; |top_level|temporizador:tmpr                ; temporizador         ; work         ;
;    |uart_rx:u_rx|                     ; 49 (49)             ; 31 (31)                   ; 0           ; 0          ; 0            ; 0       ; 0         ; 0    ; 0            ; 0          ; |top_level|uart_rx:u_rx                     ; uart_rx              ; work         ;
;    |uart_tx:u_tx|                     ; 34 (34)             ; 15 (15)                   ; 0           ; 0          ; 0            ; 0       ; 0         ; 0    ; 0            ; 0          ; |top_level|uart_tx:u_tx                     ; uart_tx              ; work         ;
+---------------------------------------+---------------------+---------------------------+-------------+------------+--------------+---------+-----------+------+--------------+------------+---------------------------------------------+----------------------+--------------+
Note: For table entries with two numbers listed, the numbers in parentheses indicate the number of resources of the given type used by the specific entity alone. The numbers listed outside of parentheses indicate the total resources of the given type used by the specific entity and all of its sub-entities in the hierarchy.


+--------------------------------------------------------------------------------------------------------------------+
; Registers Removed During Synthesis                                                                                 ;
+---------------------------------------------------------+----------------------------------------------------------+
; Register name                                           ; Reason for Removal                                       ;
+---------------------------------------------------------+----------------------------------------------------------+
; controlador_pid:pid|ultima_temperatura[13]              ; Stuck at GND due to stuck port data_in                   ;
; controlador_pid:pid|percentual_potencia[0]              ; Stuck at GND due to stuck port data_in                   ;
; rampas[9][0][0]                                         ; Stuck at GND due to stuck port data_in                   ;
; rampas[9][0][1]                                         ; Stuck at GND due to stuck port data_in                   ;
; rampas[9][0][10]                                        ; Stuck at GND due to stuck port data_in                   ;
; rampas[8][0][0]                                         ; Stuck at GND due to stuck port data_in                   ;
; rampas[8][0][1]                                         ; Stuck at GND due to stuck port data_in                   ;
; rampas[8][0][10]                                        ; Stuck at GND due to stuck port data_in                   ;
; rampas[7][0][0]                                         ; Stuck at GND due to stuck port data_in                   ;
; rampas[7][0][1]                                         ; Stuck at GND due to stuck port data_in                   ;
; rampas[7][0][10]                                        ; Stuck at GND due to stuck port data_in                   ;
; rampas[6][0][0]                                         ; Stuck at GND due to stuck port data_in                   ;
; rampas[6][0][1]                                         ; Stuck at GND due to stuck port data_in                   ;
; rampas[6][0][10]                                        ; Stuck at GND due to stuck port data_in                   ;
; rampas[5][0][0]                                         ; Stuck at GND due to stuck port data_in                   ;
; rampas[5][0][1]                                         ; Stuck at GND due to stuck port data_in                   ;
; rampas[5][0][10]                                        ; Stuck at GND due to stuck port data_in                   ;
; rampas[4][0][0]                                         ; Stuck at GND due to stuck port data_in                   ;
; rampas[4][0][1]                                         ; Stuck at GND due to stuck port data_in                   ;
; rampas[4][0][10]                                        ; Stuck at GND due to stuck port data_in                   ;
; rampas[3][0][0]                                         ; Stuck at GND due to stuck port data_in                   ;
; rampas[3][0][1]                                         ; Stuck at GND due to stuck port data_in                   ;
; rampas[3][0][10]                                        ; Stuck at GND due to stuck port data_in                   ;
; rampas[2][0][0]                                         ; Stuck at GND due to stuck port data_in                   ;
; rampas[2][0][1]                                         ; Stuck at GND due to stuck port data_in                   ;
; rampas[2][0][10]                                        ; Stuck at GND due to stuck port data_in                   ;
; rampas[1][0][0]                                         ; Stuck at GND due to stuck port data_in                   ;
; rampas[1][0][1]                                         ; Stuck at GND due to stuck port data_in                   ;
; rampas[1][0][10]                                        ; Stuck at GND due to stuck port data_in                   ;
; rampas[0][0][0]                                         ; Stuck at GND due to stuck port data_in                   ;
; rampas[0][0][1]                                         ; Stuck at GND due to stuck port data_in                   ;
; rampas[0][0][10]                                        ; Stuck at GND due to stuck port data_in                   ;
; controlador_potencia:controlador|disparo_triac          ; Merged with controlador_potencia:controlador|delay_triac ;
; temporizador:tmpr|tempo_passado[7]                      ; Merged with temporizador:tmpr|tempo_decorrido[7]         ;
; temporizador:tmpr|tempo_passado[6]                      ; Merged with temporizador:tmpr|tempo_decorrido[6]         ;
; temporizador:tmpr|tempo_passado[5]                      ; Merged with temporizador:tmpr|tempo_decorrido[5]         ;
; temporizador:tmpr|tempo_passado[4]                      ; Merged with temporizador:tmpr|tempo_decorrido[4]         ;
; temporizador:tmpr|tempo_passado[12]                     ; Merged with temporizador:tmpr|tempo_decorrido[12]        ;
; temporizador:tmpr|tempo_passado[3]                      ; Merged with temporizador:tmpr|tempo_decorrido[3]         ;
; temporizador:tmpr|tempo_passado[11]                     ; Merged with temporizador:tmpr|tempo_decorrido[11]        ;
; temporizador:tmpr|rampa_atual[3]                        ; Merged with temporizador:tmpr|index[3]                   ;
; temporizador:tmpr|tempo_passado[2]                      ; Merged with temporizador:tmpr|tempo_decorrido[2]         ;
; temporizador:tmpr|tempo_passado[10]                     ; Merged with temporizador:tmpr|tempo_decorrido[10]        ;
; temporizador:tmpr|rampa_atual[2]                        ; Merged with temporizador:tmpr|index[2]                   ;
; temporizador:tmpr|tempo_passado[1]                      ; Merged with temporizador:tmpr|tempo_decorrido[1]         ;
; temporizador:tmpr|tempo_passado[9]                      ; Merged with temporizador:tmpr|tempo_decorrido[9]         ;
; temporizador:tmpr|rampa_atual[1]                        ; Merged with temporizador:tmpr|index[1]                   ;
; temporizador:tmpr|tempo_passado[0]                      ; Merged with temporizador:tmpr|tempo_decorrido[0]         ;
; temporizador:tmpr|tempo_passado[8]                      ; Merged with temporizador:tmpr|tempo_decorrido[8]         ;
; temporizador:tmpr|rampa_atual[0]                        ; Merged with temporizador:tmpr|index[0]                   ;
; rampas[0][1][1]                                         ; Merged with rampas[0][1][0]                              ;
; rampas[1][1][1]                                         ; Merged with rampas[1][1][0]                              ;
; rampas[2][1][1]                                         ; Merged with rampas[2][1][0]                              ;
; rampas[3][1][1]                                         ; Merged with rampas[3][1][0]                              ;
; rampas[4][1][1]                                         ; Merged with rampas[4][1][0]                              ;
; rampas[5][1][1]                                         ; Merged with rampas[5][1][0]                              ;
; rampas[6][1][1]                                         ; Merged with rampas[6][1][0]                              ;
; rampas[7][1][1]                                         ; Merged with rampas[7][1][0]                              ;
; rampas[8][1][1]                                         ; Merged with rampas[8][1][0]                              ;
; rampas[9][1][1]                                         ; Merged with rampas[9][1][0]                              ;
; temporizador:tmpr|set_point[0,1,10]                     ; Stuck at GND due to stuck port data_in                   ;
; rampas[9][1][0]                                         ; Stuck at GND due to stuck port data_in                   ;
; rampas[8][1][0]                                         ; Stuck at GND due to stuck port data_in                   ;
; rampas[7][1][0]                                         ; Stuck at GND due to stuck port data_in                   ;
; rampas[6][1][0]                                         ; Stuck at GND due to stuck port data_in                   ;
; rampas[5][1][0]                                         ; Stuck at GND due to stuck port data_in                   ;
; rampas[4][1][0]                                         ; Stuck at GND due to stuck port data_in                   ;
; rampas[3][1][0]                                         ; Stuck at GND due to stuck port data_in                   ;
; rampas[2][1][0]                                         ; Stuck at GND due to stuck port data_in                   ;
; rampas[1][1][0]                                         ; Stuck at GND due to stuck port data_in                   ;
; rampas[0][1][0]                                         ; Stuck at GND due to stuck port data_in                   ;
; controlador_potencia:controlador|count_ativacao[19..25] ; Stuck at GND due to stuck port data_in                   ;
; temporizador:tmpr|tempo_alvo[0,1]                       ; Stuck at GND due to stuck port data_in                   ;
; controlador_potencia:controlador|count_ativacao[14..18] ; Stuck at GND due to stuck port data_in                   ;
; Total Number of Removed Registers = 87                  ;                                                          ;
+---------------------------------------------------------+----------------------------------------------------------+


+-------------------------------------------------------------------------------------------------------------------------------------------+
; Removed Registers Triggering Further Register Optimizations                                                                               ;
+--------------------------------------------+---------------------------+------------------------------------------------------------------+
; Register name                              ; Reason for Removal        ; Registers Removed due to This Register                           ;
+--------------------------------------------+---------------------------+------------------------------------------------------------------+
; controlador_pid:pid|percentual_potencia[0] ; Stuck at GND              ; controlador_potencia:controlador|count_ativacao[25],             ;
;                                            ; due to stuck port data_in ; controlador_potencia:controlador|count_ativacao[24],             ;
;                                            ;                           ; controlador_potencia:controlador|count_ativacao[23],             ;
;                                            ;                           ; controlador_potencia:controlador|count_ativacao[22],             ;
;                                            ;                           ; controlador_potencia:controlador|count_ativacao[21],             ;
;                                            ;                           ; controlador_potencia:controlador|count_ativacao[20],             ;
;                                            ;                           ; controlador_potencia:controlador|count_ativacao[19],             ;
;                                            ;                           ; controlador_potencia:controlador|count_ativacao[14],             ;
;                                            ;                           ; controlador_potencia:controlador|count_ativacao[15],             ;
;                                            ;                           ; controlador_potencia:controlador|count_ativacao[16],             ;
;                                            ;                           ; controlador_potencia:controlador|count_ativacao[17],             ;
;                                            ;                           ; controlador_potencia:controlador|count_ativacao[18]              ;
; rampas[9][1][0]                            ; Stuck at GND              ; temporizador:tmpr|tempo_alvo[1], temporizador:tmpr|tempo_alvo[0] ;
;                                            ; due to stuck port data_in ;                                                                  ;
; rampas[9][0][0]                            ; Stuck at GND              ; temporizador:tmpr|set_point[0]                                   ;
;                                            ; due to stuck port data_in ;                                                                  ;
; rampas[9][0][1]                            ; Stuck at GND              ; temporizador:tmpr|set_point[1]                                   ;
;                                            ; due to stuck port data_in ;                                                                  ;
; rampas[9][0][10]                           ; Stuck at GND              ; temporizador:tmpr|set_point[10]                                  ;
;                                            ; due to stuck port data_in ;                                                                  ;
+--------------------------------------------+---------------------------+------------------------------------------------------------------+


+------------------------------------------------------+
; General Register Statistics                          ;
+----------------------------------------------+-------+
; Statistic                                    ; Value ;
+----------------------------------------------+-------+
; Total registers                              ; 514   ;
; Number of registers using Synchronous Clear  ; 2     ;
; Number of registers using Synchronous Load   ; 5     ;
; Number of registers using Asynchronous Clear ; 7     ;
; Number of registers using Asynchronous Load  ; 0     ;
; Number of registers using Clock Enable       ; 303   ;
; Number of registers using Preset             ; 0     ;
+----------------------------------------------+-------+


+---------------------------------------------------------+
; Inverted Register Statistics                            ;
+-----------------------------------------------+---------+
; Inverted Register                             ; Fan out ;
+-----------------------------------------------+---------+
; uart_tx:u_tx|tx_out_tmp                       ; 2       ;
; leitor_temperatura:termometro|cs_tmp          ; 4       ;
; uart_tx:u_tx|start_bit                        ; 14      ;
; temporizador:tmpr|segundo_zero                ; 43      ;
; uart_rx:u_rx|start_bit                        ; 3       ;
; leitor_temperatura:termometro|bit_recebido[3] ; 12      ;
; leitor_temperatura:termometro|bit_recebido[1] ; 13      ;
; leitor_temperatura:termometro|bit_recebido[0] ; 13      ;
; leitor_temperatura:termometro|bit_recebido[2] ; 11      ;
; Total number of inverted registers = 9        ;         ;
+-----------------------------------------------+---------+


+-------------------------------------------------------------------------------------------------------------------------------------------------------------------------------+
; Multiplexer Restructuring Statistics (Restructuring Performed)                                                                                                                ;
+--------------------+-----------+---------------+----------------------+------------------------+------------+-----------------------------------------------------------------+
; Multiplexer Inputs ; Bus Width ; Baseline Area ; Area if Restructured ; Saving if Restructured ; Registered ; Example Multiplexer Output                                      ;
+--------------------+-----------+---------------+----------------------+------------------------+------------+-----------------------------------------------------------------+
; 3:1                ; 7 bits    ; 14 LEs        ; 7 LEs                ; 7 LEs                  ; Yes        ; |top_level|uart_tx:u_tx|pulsos_tempo[5]                         ;
; 3:1                ; 4 bits    ; 8 LEs         ; 4 LEs                ; 4 LEs                  ; Yes        ; |top_level|indexRampa[3]                                        ;
; 3:1                ; 20 bits   ; 40 LEs        ; 40 LEs               ; 0 LEs                  ; Yes        ; |top_level|atualizacao_pid[11]                                  ;
; 3:1                ; 6 bits    ; 12 LEs        ; 12 LEs               ; 0 LEs                  ; Yes        ; |top_level|controlador_pid:pid|percentual_potencia[6]           ;
; 3:1                ; 18 bits   ; 36 LEs        ; 36 LEs               ; 0 LEs                  ; Yes        ; |top_level|atualizar_ihm[7]                                     ;
; 3:1                ; 3 bits    ; 6 LEs         ; 3 LEs                ; 3 LEs                  ; Yes        ; |top_level|index_atualizacao[2]                                 ;
; 3:1                ; 6 bits    ; 12 LEs        ; 6 LEs                ; 6 LEs                  ; Yes        ; |top_level|temporizador:tmpr|tempo_alvo[1]                      ;
; 3:1                ; 11 bits   ; 22 LEs        ; 11 LEs               ; 11 LEs                 ; Yes        ; |top_level|temporizador:tmpr|tempo_alvo[12]                     ;
; 3:1                ; 7 bits    ; 14 LEs        ; 7 LEs                ; 7 LEs                  ; Yes        ; |top_level|uart_rx:u_rx|pulsos_tempo[5]                         ;
; 3:1                ; 4 bits    ; 8 LEs         ; 4 LEs                ; 4 LEs                  ; Yes        ; |top_level|uart_rx:u_rx|index[0]                                ;
; 3:1                ; 7 bits    ; 14 LEs        ; 7 LEs                ; 7 LEs                  ; Yes        ; |top_level|leitor_temperatura:termometro|count_bordas[2]        ;
; 4:1                ; 4 bits    ; 8 LEs         ; 4 LEs                ; 4 LEs                  ; Yes        ; |top_level|uart_tx:u_tx|index[0]                                ;
; 4:1                ; 13 bits   ; 26 LEs        ; 13 LEs               ; 13 LEs                 ; Yes        ; |top_level|temporizador:tmpr|tempo_decorrido[4]                 ;
; 4:1                ; 20 bits   ; 40 LEs        ; 20 LEs               ; 20 LEs                 ; Yes        ; |top_level|temporizador:tmpr|delay_1s[18]                       ;
; 4:1                ; 2 bits    ; 4 LEs         ; 4 LEs                ; 0 LEs                  ; Yes        ; |top_level|pid_ativo~reg0                                       ;
; 5:1                ; 11 bits   ; 33 LEs        ; 22 LEs               ; 11 LEs                 ; Yes        ; |top_level|count_atualizacao[10]                                ;
; 12:1               ; 8 bits    ; 64 LEs        ; 48 LEs               ; 16 LEs                 ; Yes        ; |top_level|temporizador:tmpr|set_point[3]                       ;
; 14:1               ; 2 bits    ; 18 LEs        ; 8 LEs                ; 10 LEs                 ; Yes        ; |top_level|byte_t[5]                                            ;
; 14:1               ; 2 bits    ; 18 LEs        ; 10 LEs               ; 8 LEs                  ; Yes        ; |top_level|byte_t[2]                                            ;
; 10:1               ; 11 bits   ; 66 LEs        ; 66 LEs               ; 0 LEs                  ; No         ; |top_level|temporizador:tmpr|Mux1                               ;
; 9:1                ; 2 bits    ; 12 LEs        ; 12 LEs               ; 0 LEs                  ; No         ; |top_level|controlador_potencia:controlador|pulsos_potencia[1]  ;
; 16:1               ; 3 bits    ; 30 LEs        ; 24 LEs               ; 6 LEs                  ; No         ; |top_level|controlador_potencia:controlador|pulsos_potencia[10] ;
; 18:1               ; 5 bits    ; 60 LEs        ; 60 LEs               ; 0 LEs                  ; No         ; |top_level|controlador_potencia:controlador|pulsos_potencia[8]  ;
; 19:1               ; 2 bits    ; 24 LEs        ; 24 LEs               ; 0 LEs                  ; No         ; |top_level|controlador_potencia:controlador|pulsos_potencia[6]  ;
+--------------------+-----------+---------------+----------------------+------------------------+------------+-----------------------------------------------------------------+


+-------------------------------------------------------------------------------------------------------------------------------+
; Port Connectivity Checks: "temporizador:tmpr"                                                                                 ;
+---------------------+--------+----------+-------------------------------------------------------------------------------------+
; Port                ; Type   ; Severity ; Details                                                                             ;
+---------------------+--------+----------+-------------------------------------------------------------------------------------+
; alteracao_set_point ; Output ; Info     ; Connected to dangling logic. Logic that only feeds a dangling port will be removed. ;
+---------------------+--------+----------+-------------------------------------------------------------------------------------+


+----------------------------------------------------------------------------------------------------------------------------+
; Port Connectivity Checks: "uart_tx:u_tx"                                                                                   ;
+------------------+--------+----------+-------------------------------------------------------------------------------------+
; Port             ; Type   ; Severity ; Details                                                                             ;
+------------------+--------+----------+-------------------------------------------------------------------------------------+
; byte_transmitido ; Output ; Info     ; Connected to dangling logic. Logic that only feeds a dangling port will be removed. ;
+------------------+--------+----------+-------------------------------------------------------------------------------------+


+-------------------------------------------------------+
; Port Connectivity Checks: "divisor_clock:divisor_50x" ;
+----------------+-------+----------+-------------------+
; Port           ; Type  ; Severity ; Details           ;
+----------------+-------+----------+-------------------+
; divisor[5..4]  ; Input ; Info     ; Stuck at VCC      ;
; divisor[25..6] ; Input ; Info     ; Stuck at GND      ;
; divisor[3..2]  ; Input ; Info     ; Stuck at GND      ;
; divisor[1]     ; Input ; Info     ; Stuck at VCC      ;
; divisor[0]     ; Input ; Info     ; Stuck at GND      ;
+----------------+-------+----------+-------------------+


+-----------------------------------------------------+
; Post-Synthesis Netlist Statistics for Top Partition ;
+-----------------------+-----------------------------+
; Type                  ; Count                       ;
+-----------------------+-----------------------------+
; boundary_port         ; 11                          ;
; cycloneiii_ff         ; 514                         ;
;     CLR               ; 7                           ;
;     ENA               ; 303                         ;
;     SCLR              ; 1                           ;
;     SCLR SLD          ; 1                           ;
;     SLD               ; 4                           ;
;     plain             ; 198                         ;
; cycloneiii_lcell_comb ; 915                         ;
;     arith             ; 239                         ;
;         2 data inputs ; 123                         ;
;         3 data inputs ; 116                         ;
;     normal            ; 676                         ;
;         0 data inputs ; 6                           ;
;         1 data inputs ; 11                          ;
;         2 data inputs ; 88                          ;
;         3 data inputs ; 97                          ;
;         4 data inputs ; 474                         ;
;                       ;                             ;
; Max LUT depth         ; 10.70                       ;
; Average LUT depth     ; 6.09                        ;
+-----------------------+-----------------------------+


+-------------------------------+
; Elapsed Time Per Partition    ;
+----------------+--------------+
; Partition Name ; Elapsed Time ;
+----------------+--------------+
; Top            ; 00:00:03     ;
+----------------+--------------+


+-------------------------------+
; Analysis & Synthesis Messages ;
+-------------------------------+
Info: *******************************************************************
Info: Running Quartus Prime Analysis & Synthesis
    Info: Version 18.1.0 Build 625 09/12/2018 SJ Lite Edition
    Info: Processing started: Mon May 25 13:21:04 2020
Info: Command: quartus_map --read_settings_files=on --write_settings_files=off top_level -c top_level
Warning (18236): Number of processors has not been specified which may cause overloading on shared machines.  Set the global assignment NUM_PARALLEL_PROCESSORS in your QSF to an appropriate value for best performance.
Info (20030): Parallel compilation is enabled and will use 2 of the 2 processors detected
Info (12021): Found 2 design units, including 1 entities, in source file /home/marcelo-note/controle-brassagem/controlador_potencia/controlador_potencia.vhd
    Info (12022): Found design unit 1: controlador_potencia-main File: /home/marcelo-note/controle-brassagem/controlador_potencia/controlador_potencia.vhd Line: 21
    Info (12023): Found entity 1: controlador_potencia File: /home/marcelo-note/controle-brassagem/controlador_potencia/controlador_potencia.vhd Line: 11
Info (12021): Found 2 design units, including 1 entities, in source file /home/marcelo-note/controle-brassagem/controlador_pid/controlador_pid.vhd
    Info (12022): Found design unit 1: controlador_pid-main File: /home/marcelo-note/controle-brassagem/controlador_pid/controlador_pid.vhd Line: 21
    Info (12023): Found entity 1: controlador_pid File: /home/marcelo-note/controle-brassagem/controlador_pid/controlador_pid.vhd Line: 10
Info (12021): Found 2 design units, including 1 entities, in source file /home/marcelo-note/controle-brassagem/leitor_temperatura/leitor_temperatura.vhd
    Info (12022): Found design unit 1: leitor_temperatura-main File: /home/marcelo-note/controle-brassagem/leitor_temperatura/leitor_temperatura.vhd Line: 21
    Info (12023): Found entity 1: leitor_temperatura File: /home/marcelo-note/controle-brassagem/leitor_temperatura/leitor_temperatura.vhd Line: 10
Info (12021): Found 2 design units, including 1 entities, in source file /home/marcelo-note/controle-brassagem/temporizador/temporizador.vhd
    Info (12022): Found design unit 1: temporizador-main File: /home/marcelo-note/controle-brassagem/temporizador/temporizador.vhd Line: 26
    Info (12023): Found entity 1: temporizador File: /home/marcelo-note/controle-brassagem/temporizador/temporizador.vhd Line: 10
Info (12021): Found 2 design units, including 1 entities, in source file /home/marcelo-note/controle-brassagem/divisor_clock/divisor_clock.vhd
    Info (12022): Found design unit 1: divisor_clock-main File: /home/marcelo-note/controle-brassagem/divisor_clock/divisor_clock.vhd Line: 20
    Info (12023): Found entity 1: divisor_clock File: /home/marcelo-note/controle-brassagem/divisor_clock/divisor_clock.vhd Line: 11
Info (12021): Found 2 design units, including 0 entities, in source file /home/marcelo-note/controle-brassagem/memoria_rampa/memoria_rampa.vhd
    Info (12022): Found design unit 1: memoria_rampa File: /home/marcelo-note/controle-brassagem/memoria_rampa/memoria_rampa.vhd Line: 14
    Info (12022): Found design unit 2: memoria_rampa-body File: /home/marcelo-note/controle-brassagem/memoria_rampa/memoria_rampa.vhd Line: 22
Info (12021): Found 2 design units, including 1 entities, in source file /home/marcelo-note/controle-brassagem/uart/uart_tx.vhd
    Info (12022): Found design unit 1: uart_tx-main File: /home/marcelo-note/controle-brassagem/uart/uart_tx.vhd Line: 20
    Info (12023): Found entity 1: uart_tx File: /home/marcelo-note/controle-brassagem/uart/uart_tx.vhd Line: 9
Info (12021): Found 2 design units, including 1 entities, in source file /home/marcelo-note/controle-brassagem/uart/uart_rx.vhd
    Info (12022): Found design unit 1: uart_rx-main File: /home/marcelo-note/controle-brassagem/uart/uart_rx.vhd Line: 20
    Info (12023): Found entity 1: uart_rx File: /home/marcelo-note/controle-brassagem/uart/uart_rx.vhd Line: 10
Info (12021): Found 2 design units, including 1 entities, in source file top_level.vhd
    Info (12022): Found design unit 1: top_level-main File: /home/marcelo-note/controle-brassagem/top_level/top_level.vhd Line: 29
    Info (12023): Found entity 1: top_level File: /home/marcelo-note/controle-brassagem/top_level/top_level.vhd Line: 12
Info (12127): Elaborating entity "top_level" for the top level hierarchy
Warning (10036): Verilog HDL or VHDL warning at top_level.vhd(123): object "byte_transmitido" assigned a value but never read File: /home/marcelo-note/controle-brassagem/top_level/top_level.vhd Line: 123
Warning (10036): Verilog HDL or VHDL warning at top_level.vhd(138): object "alteracao_set_point" assigned a value but never read File: /home/marcelo-note/controle-brassagem/top_level/top_level.vhd Line: 138
Info (10008): Verilog HDL or VHDL information: EDA Netlist Writer cannot regroup multidimensional array "rampas" into its bus
Info (12128): Elaborating entity "divisor_clock" for hierarchy "divisor_clock:divisor_50x" File: /home/marcelo-note/controle-brassagem/top_level/top_level.vhd Line: 157
Info (12128): Elaborating entity "uart_rx" for hierarchy "uart_rx:u_rx" File: /home/marcelo-note/controle-brassagem/top_level/top_level.vhd Line: 158
Info (12128): Elaborating entity "uart_tx" for hierarchy "uart_tx:u_tx" File: /home/marcelo-note/controle-brassagem/top_level/top_level.vhd Line: 159
Info (12128): Elaborating entity "temporizador" for hierarchy "temporizador:tmpr" File: /home/marcelo-note/controle-brassagem/top_level/top_level.vhd Line: 160
Info (10008): Verilog HDL or VHDL information: EDA Netlist Writer cannot regroup multidimensional array "rampas" into its bus
Info (10008): Verilog HDL or VHDL information: EDA Netlist Writer cannot regroup multidimensional array "rampas" into its bus
Info (12128): Elaborating entity "leitor_temperatura" for hierarchy "leitor_temperatura:termometro" File: /home/marcelo-note/controle-brassagem/top_level/top_level.vhd Line: 161
Info (12128): Elaborating entity "controlador_pid" for hierarchy "controlador_pid:pid" File: /home/marcelo-note/controle-brassagem/top_level/top_level.vhd Line: 162
Info (12128): Elaborating entity "controlador_potencia" for hierarchy "controlador_potencia:controlador" File: /home/marcelo-note/controle-brassagem/top_level/top_level.vhd Line: 163
Info (286030): Timing-Driven Synthesis is running
Info (16010): Generating hard_block partition "hard_block:auto_generated_inst"
    Info (16011): Adding 0 node(s), including 0 DDIO, 0 PLL, 0 transceiver and 0 LCELL
Info (21057): Implemented 1218 device resources after synthesis - the final resource count might be different
    Info (21058): Implemented 4 input pins
    Info (21059): Implemented 7 output pins
    Info (21061): Implemented 1207 logic cells
Info: Quartus Prime Analysis & Synthesis was successful. 0 errors, 3 warnings
    Info: Peak virtual memory: 988 megabytes
    Info: Processing ended: Mon May 25 13:21:26 2020
    Info: Elapsed time: 00:00:22
    Info: Total CPU time (on all processors): 00:00:44


